mode: set
github.com/zetkey/waka3x/helpers/date.go:18.73,19.58 1 0
github.com/zetkey/waka3x/helpers/date.go:19.58,21.3 1 0
github.com/zetkey/waka3x/helpers/date.go:22.2,22.87 1 0
github.com/zetkey/waka3x/helpers/date.go:22.87,24.3 1 0
github.com/zetkey/waka3x/helpers/date.go:25.2,25.64 1 0
github.com/zetkey/waka3x/helpers/date.go:28.40,30.2 1 0
github.com/zetkey/waka3x/helpers/date.go:32.44,34.2 1 0
github.com/zetkey/waka3x/helpers/date.go:36.49,38.2 1 0
github.com/zetkey/waka3x/helpers/date.go:40.51,42.39 2 0
github.com/zetkey/waka3x/helpers/date.go:42.39,44.3 1 0
github.com/zetkey/waka3x/helpers/date.go:45.2,45.28 1 0
github.com/zetkey/waka3x/helpers/date.go:48.45,50.2 1 0
github.com/zetkey/waka3x/helpers/date.go:52.50,58.2 5 0
github.com/zetkey/waka3x/helpers/http.go:11.94,13.16 2 0
github.com/zetkey/waka3x/helpers/http.go:13.16,15.3 1 0
github.com/zetkey/waka3x/helpers/http.go:17.2,17.107 1 0
github.com/zetkey/waka3x/helpers/http.go:17.107,19.3 1 0
github.com/zetkey/waka3x/helpers/http.go:21.2,21.22 1 0
github.com/zetkey/waka3x/helpers/http.go:24.90,27.58 3 0
github.com/zetkey/waka3x/helpers/http.go:27.58,29.3 1 0
github.com/zetkey/waka3x/helpers/interval.go:11.66,12.40 1 0
github.com/zetkey/waka3x/helpers/interval.go:12.40,13.27 1 0
github.com/zetkey/waka3x/helpers/interval.go:13.27,15.4 1 0
github.com/zetkey/waka3x/helpers/interval.go:17.2,17.48 1 0
github.com/zetkey/waka3x/helpers/interval.go:20.61,23.2 2 0
github.com/zetkey/waka3x/helpers/interval.go:25.114,28.2 2 0
github.com/zetkey/waka3x/helpers/interval.go:30.121,32.16 2 0
github.com/zetkey/waka3x/helpers/interval.go:32.16,34.3 1 0
github.com/zetkey/waka3x/helpers/interval.go:35.2,35.51 1 0
github.com/zetkey/waka3x/helpers/interval.go:38.131,42.18 3 1
github.com/zetkey/waka3x/helpers/interval.go:43.28,44.32 1 0
github.com/zetkey/waka3x/helpers/interval.go:45.32,47.30 2 0
github.com/zetkey/waka3x/helpers/interval.go:48.30,49.34 1 1
github.com/zetkey/waka3x/helpers/interval.go:50.31,51.48 1 0
github.com/zetkey/waka3x/helpers/interval.go:52.31,54.46 2 0
github.com/zetkey/waka3x/helpers/interval.go:55.32,56.36 1 0
github.com/zetkey/waka3x/helpers/interval.go:57.32,59.34 2 0
github.com/zetkey/waka3x/helpers/interval.go:60.31,61.35 1 0
github.com/zetkey/waka3x/helpers/interval.go:62.32,63.31 1 1
github.com/zetkey/waka3x/helpers/interval.go:64.41,66.48 2 0
github.com/zetkey/waka3x/helpers/interval.go:67.33,68.32 1 1
github.com/zetkey/waka3x/helpers/interval.go:69.33,70.32 1 1
github.com/zetkey/waka3x/helpers/interval.go:71.34,72.31 1 1
github.com/zetkey/waka3x/helpers/interval.go:73.35,74.32 1 1
github.com/zetkey/waka3x/helpers/interval.go:75.26,76.25 1 0
github.com/zetkey/waka3x/helpers/interval.go:77.10,78.39 1 0
github.com/zetkey/waka3x/helpers/interval.go:81.2,81.22 1 1
github.com/zetkey/waka3x/helpers/interval.go:85.65,86.15 1 1
github.com/zetkey/waka3x/helpers/interval.go:86.15,88.3 1 1
github.com/zetkey/waka3x/helpers/interval.go:89.2,89.14 1 1
github.com/zetkey/waka3x/helpers/interval.go:89.14,91.3 1 1
github.com/zetkey/waka3x/helpers/interval.go:92.2,92.14 1 1
github.com/zetkey/waka3x/helpers/interval.go:92.14,94.3 1 1
github.com/zetkey/waka3x/helpers/interval.go:95.2,95.15 1 1
github.com/zetkey/waka3x/helpers/interval.go:95.15,97.3 1 1
github.com/zetkey/waka3x/helpers/interval.go:98.2,98.15 1 1
github.com/zetkey/waka3x/helpers/interval.go:98.15,100.3 1 1
github.com/zetkey/waka3x/helpers/interval.go:101.2,101.16 1 1
github.com/zetkey/waka3x/helpers/interval.go:101.16,103.3 1 1
github.com/zetkey/waka3x/helpers/interval.go:104.2,104.16 1 1
github.com/zetkey/waka3x/helpers/interval.go:104.16,106.3 1 1
github.com/zetkey/waka3x/helpers/interval.go:107.2,107.41 1 1
github.com/zetkey/waka3x/helpers/summary.go:12.73,19.56 5 0
github.com/zetkey/waka3x/helpers/summary.go:19.56,21.3 1 0
github.com/zetkey/waka3x/helpers/summary.go:21.8,21.54 1 0
github.com/zetkey/waka3x/helpers/summary.go:21.54,23.3 1 0
github.com/zetkey/waka3x/helpers/summary.go:23.8,25.17 2 0
github.com/zetkey/waka3x/helpers/summary.go:25.17,27.4 1 0
github.com/zetkey/waka3x/helpers/summary.go:29.3,30.17 2 0
github.com/zetkey/waka3x/helpers/summary.go:30.17,32.4 1 0
github.com/zetkey/waka3x/helpers/summary.go:35.2,45.8 3 0
github.com/zetkey/waka3x/helpers/summary.go:48.59,50.48 2 0
github.com/zetkey/waka3x/helpers/summary.go:50.48,52.3 1 0
github.com/zetkey/waka3x/helpers/summary.go:53.2,53.49 1 0
github.com/zetkey/waka3x/helpers/summary.go:53.49,55.3 1 0
github.com/zetkey/waka3x/helpers/summary.go:56.2,56.47 1 0
github.com/zetkey/waka3x/helpers/summary.go:56.47,58.3 1 0
github.com/zetkey/waka3x/helpers/summary.go:59.2,59.48 1 0
github.com/zetkey/waka3x/helpers/summary.go:59.48,61.3 1 0
github.com/zetkey/waka3x/helpers/summary.go:62.2,62.57 1 0
github.com/zetkey/waka3x/helpers/summary.go:62.57,64.3 1 0
github.com/zetkey/waka3x/helpers/summary.go:65.2,65.46 1 0
github.com/zetkey/waka3x/helpers/summary.go:65.46,67.3 1 0
github.com/zetkey/waka3x/helpers/summary.go:68.2,68.47 1 0
github.com/zetkey/waka3x/helpers/summary.go:68.47,70.3 1 0
github.com/zetkey/waka3x/helpers/summary.go:71.2,71.47 1 0
github.com/zetkey/waka3x/helpers/summary.go:71.47,73.3 1 0
github.com/zetkey/waka3x/helpers/summary.go:74.2,74.49 1 0
github.com/zetkey/waka3x/helpers/summary.go:74.49,76.3 1 0
github.com/zetkey/waka3x/helpers/summary.go:77.2,77.16 1 0
github.com/zetkey/waka3x/helpers/summary.go:80.48,82.23 2 0
github.com/zetkey/waka3x/helpers/summary.go:82.23,85.3 2 0
github.com/zetkey/waka3x/helpers/summary.go:86.2,87.16 2 0
github.com/zetkey/waka3x/helpers/summary.go:87.16,89.3 1 0
github.com/zetkey/waka3x/helpers/summary.go:90.2,90.27 1 0
github.com/zetkey/waka3x/services/mail/mail.go:42.45,48.25 4 0
github.com/zetkey/waka3x/services/mail/mail.go:48.25,49.52 1 0
github.com/zetkey/waka3x/services/mail/mail.go:49.52,51.4 1 0
github.com/zetkey/waka3x/services/mail/mail.go:55.2,57.16 3 0
github.com/zetkey/waka3x/services/mail/mail.go:57.16,58.13 1 0
github.com/zetkey/waka3x/services/mail/mail.go:61.2,61.97 1 0
github.com/zetkey/waka3x/services/mail/mail.go:64.89,66.16 2 0
github.com/zetkey/waka3x/services/mail/mail.go:66.16,68.3 1 0
github.com/zetkey/waka3x/services/mail/mail.go:69.2,75.36 3 0
github.com/zetkey/waka3x/services/mail/mail.go:78.102,83.16 2 0
github.com/zetkey/waka3x/services/mail/mail.go:83.16,85.3 1 0
github.com/zetkey/waka3x/services/mail/mail.go:86.2,92.36 3 0
github.com/zetkey/waka3x/services/mail/mail.go:95.119,101.16 2 0
github.com/zetkey/waka3x/services/mail/mail.go:101.16,103.3 1 0
github.com/zetkey/waka3x/services/mail/mail.go:104.2,110.36 3 0
github.com/zetkey/waka3x/services/mail/mail.go:113.87,115.16 2 0
github.com/zetkey/waka3x/services/mail/mail.go:115.16,117.3 1 0
github.com/zetkey/waka3x/services/mail/mail.go:118.2,125.36 3 0
github.com/zetkey/waka3x/services/mail/mail.go:128.99,134.16 2 0
github.com/zetkey/waka3x/services/mail/mail.go:134.16,136.3 1 0
github.com/zetkey/waka3x/services/mail/mail.go:137.2,143.36 3 0
github.com/zetkey/waka3x/services/mail/mail.go:146.98,148.94 2 0
github.com/zetkey/waka3x/services/mail/mail.go:148.94,150.3 1 0
github.com/zetkey/waka3x/services/mail/mail.go:151.2,151.23 1 0
github.com/zetkey/waka3x/services/mail/mail.go:154.138,156.108 2 0
github.com/zetkey/waka3x/services/mail/mail.go:156.108,158.3 1 0
github.com/zetkey/waka3x/services/mail/mail.go:159.2,159.23 1 0
github.com/zetkey/waka3x/services/mail/mail.go:162.108,164.99 2 0
github.com/zetkey/waka3x/services/mail/mail.go:164.99,166.3 1 0
github.com/zetkey/waka3x/services/mail/mail.go:167.2,167.23 1 0
github.com/zetkey/waka3x/services/mail/mail.go:170.84,172.87 2 0
github.com/zetkey/waka3x/services/mail/mail.go:172.87,174.3 1 0
github.com/zetkey/waka3x/services/mail/mail.go:175.2,175.23 1 0
github.com/zetkey/waka3x/services/mail/mail.go:178.120,180.105 2 0
github.com/zetkey/waka3x/services/mail/mail.go:180.105,182.3 1 0
github.com/zetkey/waka3x/services/mail/mail.go:183.2,183.23 1 0
github.com/zetkey/waka3x/services/mail/mail.go:186.51,188.2 1 0
github.com/zetkey/waka3x/services/mail/mail.go:190.46,204.47 1 0
github.com/zetkey/waka3x/services/mail/mail.go:204.47,206.4 1 0
github.com/zetkey/waka3x/services/mail/mail.go:207.42,209.4 1 0
github.com/zetkey/waka3x/services/mail/mail.go:210.42,212.4 1 0
github.com/zetkey/waka3x/services/mail/noop.go:10.60,13.2 2 0
github.com/zetkey/waka3x/services/mail/smtp.go:18.76,27.2 1 0
github.com/zetkey/waka3x/services/mail/smtp.go:29.60,33.18 3 0
github.com/zetkey/waka3x/services/mail/smtp.go:33.18,34.50 1 0
github.com/zetkey/waka3x/services/mail/smtp.go:34.50,36.4 1 0
github.com/zetkey/waka3x/services/mail/smtp.go:39.2,40.16 2 0
github.com/zetkey/waka3x/services/mail/smtp.go:40.16,42.3 1 0
github.com/zetkey/waka3x/services/mail/smtp.go:43.2,48.42 2 0
github.com/zetkey/waka3x/services/mail/smtp.go:48.42,51.17 2 0
github.com/zetkey/waka3x/services/mail/smtp.go:51.17,52.48 1 0
github.com/zetkey/waka3x/services/mail/smtp.go:52.48,53.28 1 0
github.com/zetkey/waka3x/services/mail/smtp.go:53.29,55.6 0 0
github.com/zetkey/waka3x/services/mail/smtp.go:56.5,56.15 1 0
github.com/zetkey/waka3x/services/mail/smtp.go:57.10,59.5 1 0
github.com/zetkey/waka3x/services/mail/smtp.go:63.3,65.18 3 0
github.com/zetkey/waka3x/services/mail/smtp.go:69.2,69.55 1 0
github.com/zetkey/waka3x/services/mail/smtp.go:69.55,70.65 1 0
github.com/zetkey/waka3x/services/mail/smtp.go:70.65,72.4 1 0
github.com/zetkey/waka3x/services/mail/smtp.go:74.3,74.39 1 0
github.com/zetkey/waka3x/services/mail/smtp.go:74.39,76.4 1 0
github.com/zetkey/waka3x/services/mail/smtp.go:79.2,79.52 1 0
github.com/zetkey/waka3x/services/mail/smtp.go:79.52,81.3 1 0
github.com/zetkey/waka3x/services/mail/smtp.go:83.2,83.44 1 0
github.com/zetkey/waka3x/services/mail/smtp.go:83.44,84.42 1 0
github.com/zetkey/waka3x/services/mail/smtp.go:84.42,86.4 1 0
github.com/zetkey/waka3x/services/mail/smtp.go:89.2,90.16 2 0
github.com/zetkey/waka3x/services/mail/smtp.go:90.16,92.3 1 0
github.com/zetkey/waka3x/services/mail/smtp.go:94.2,95.16 2 0
github.com/zetkey/waka3x/services/mail/smtp.go:95.16,97.3 1 0
github.com/zetkey/waka3x/services/mail/smtp.go:99.2,100.16 2 0
github.com/zetkey/waka3x/services/mail/smtp.go:100.16,102.3 1 0
github.com/zetkey/waka3x/services/mail/smtp.go:104.2,104.33 1 0
github.com/zetkey/waka3x/services/mail/smtp.go:104.33,106.3 1 0
github.com/zetkey/waka3x/services/mail/smtp.go:108.2,108.12 1 0
github.com/zetkey/waka3x/middlewares/custom/wakatime.go:32.60,36.70 1 1
github.com/zetkey/waka3x/middlewares/custom/wakatime.go:36.70,38.5 1 1
github.com/zetkey/waka3x/middlewares/custom/wakatime.go:46.72,47.71 1 0
github.com/zetkey/waka3x/middlewares/custom/wakatime.go:47.71,49.3 1 0
github.com/zetkey/waka3x/middlewares/custom/wakatime.go:52.108,58.70 4 1
github.com/zetkey/waka3x/middlewares/custom/wakatime.go:58.70,60.3 1 1
github.com/zetkey/waka3x/middlewares/custom/wakatime.go:62.2,63.46 2 1
github.com/zetkey/waka3x/middlewares/custom/wakatime.go:63.46,65.3 1 1
github.com/zetkey/waka3x/middlewares/custom/wakatime.go:67.2,67.76 1 1
github.com/zetkey/waka3x/middlewares/custom/wakatime.go:67.76,70.3 2 1
github.com/zetkey/waka3x/middlewares/custom/wakatime.go:72.2,73.16 2 1
github.com/zetkey/waka3x/middlewares/custom/wakatime.go:73.16,76.3 2 0
github.com/zetkey/waka3x/middlewares/custom/wakatime.go:78.2,84.28 5 1
github.com/zetkey/waka3x/middlewares/custom/wakatime.go:84.28,86.3 1 0
github.com/zetkey/waka3x/middlewares/custom/wakatime.go:88.2,110.3 3 1
github.com/zetkey/waka3x/middlewares/custom/wakatime.go:113.119,115.16 2 1
github.com/zetkey/waka3x/middlewares/custom/wakatime.go:115.16,118.3 2 0
github.com/zetkey/waka3x/middlewares/custom/wakatime.go:120.2,120.28 1 1
github.com/zetkey/waka3x/middlewares/custom/wakatime.go:120.28,121.23 1 1
github.com/zetkey/waka3x/middlewares/custom/wakatime.go:121.23,123.4 1 1
github.com/zetkey/waka3x/middlewares/custom/wakatime.go:126.2,127.16 2 1
github.com/zetkey/waka3x/middlewares/custom/wakatime.go:127.16,130.3 2 0
github.com/zetkey/waka3x/middlewares/custom/wakatime.go:132.2,132.61 1 1
github.com/zetkey/waka3x/middlewares/custom/wakatime.go:132.61,136.57 2 0
github.com/zetkey/waka3x/middlewares/custom/wakatime.go:136.57,138.4 1 0
github.com/zetkey/waka3x/middlewares/custom/wakatime.go:139.3,139.81 1 0
github.com/zetkey/waka3x/middlewares/custom/wakatime.go:139.81,144.4 1 0
github.com/zetkey/waka3x/middlewares/custom/wakatime.go:144.9,144.23 1 0
github.com/zetkey/waka3x/middlewares/custom/wakatime.go:144.23,146.4 1 0
github.com/zetkey/waka3x/middlewares/custom/wakatime.go:154.72,156.16 2 1
github.com/zetkey/waka3x/middlewares/custom/wakatime.go:156.16,158.3 1 0
github.com/zetkey/waka3x/middlewares/custom/wakatime.go:160.2,165.94 5 1
github.com/zetkey/waka3x/middlewares/custom/wakatime.go:165.94,167.3 1 0
github.com/zetkey/waka3x/middlewares/custom/wakatime.go:169.2,171.68 2 1
github.com/zetkey/waka3x/middlewares/custom/wakatime.go:171.68,174.58 2 1
github.com/zetkey/waka3x/middlewares/custom/wakatime.go:174.58,177.4 2 1
github.com/zetkey/waka3x/middlewares/custom/wakatime.go:180.2,180.50 1 1
github.com/zetkey/waka3x/middlewares/custom/wakatime.go:180.50,181.33 1 1
github.com/zetkey/waka3x/middlewares/custom/wakatime.go:181.33,183.4 1 1
github.com/zetkey/waka3x/middlewares/custom/wakatime.go:184.8,184.32 1 1
github.com/zetkey/waka3x/middlewares/custom/wakatime.go:184.32,186.3 1 1
github.com/zetkey/waka3x/middlewares/custom/wakatime.go:188.2,188.23 1 1
github.com/zetkey/waka3x/middlewares/custom/wakatime.go:188.23,190.3 1 0
github.com/zetkey/waka3x/middlewares/custom/wakatime.go:192.2,192.37 1 1
github.com/zetkey/waka3x/middlewares/custom/wakatime.go:192.37,195.3 2 1
github.com/zetkey/waka3x/middlewares/custom/wakatime.go:197.2,198.62 2 1
github.com/zetkey/waka3x/middlewares/custom/wakatime.go:198.62,200.3 1 0
github.com/zetkey/waka3x/middlewares/custom/wakatime.go:201.2,203.12 2 1
github.com/zetkey/waka3x/routes/compat/wakatime/v1/all_time.go:25.116,31.2 1 0
github.com/zetkey/waka3x/routes/compat/wakatime/v1/all_time.go:33.60,34.34 1 0
github.com/zetkey/waka3x/routes/compat/wakatime/v1/all_time.go:34.34,37.3 2 0
github.com/zetkey/waka3x/routes/compat/wakatime/v1/all_time.go:49.70,51.16 2 0
github.com/zetkey/waka3x/routes/compat/wakatime/v1/all_time.go:51.16,53.3 1 0
github.com/zetkey/waka3x/routes/compat/wakatime/v1/all_time.go:55.2,56.16 2 0
github.com/zetkey/waka3x/routes/compat/wakatime/v1/all_time.go:56.16,60.3 3 0
github.com/zetkey/waka3x/routes/compat/wakatime/v1/all_time.go:62.2,63.46 2 0
github.com/zetkey/waka3x/routes/compat/wakatime/v1/all_time.go:66.116,75.29 3 0
github.com/zetkey/waka3x/routes/compat/wakatime/v1/all_time.go:75.29,77.3 1 0
github.com/zetkey/waka3x/routes/compat/wakatime/v1/all_time.go:79.2,88.16 2 0
github.com/zetkey/waka3x/routes/compat/wakatime/v1/all_time.go:88.16,90.3 1 0
github.com/zetkey/waka3x/routes/compat/wakatime/v1/all_time.go:92.2,92.36 1 0
github.com/zetkey/waka3x/routes/compat/wakatime/v1/heartbeat.go:29.124,34.2 1 0
github.com/zetkey/waka3x/routes/compat/wakatime/v1/heartbeat.go:36.62,37.34 1 0
github.com/zetkey/waka3x/routes/compat/wakatime/v1/heartbeat.go:37.34,40.3 2 0
github.com/zetkey/waka3x/routes/compat/wakatime/v1/heartbeat.go:52.72,54.16 2 0
github.com/zetkey/waka3x/routes/compat/wakatime/v1/heartbeat.go:54.16,56.3 1 0
github.com/zetkey/waka3x/routes/compat/wakatime/v1/heartbeat.go:58.2,61.16 4 0
github.com/zetkey/waka3x/routes/compat/wakatime/v1/heartbeat.go:61.16,65.3 3 0
github.com/zetkey/waka3x/routes/compat/wakatime/v1/heartbeat.go:67.2,71.16 4 0
github.com/zetkey/waka3x/routes/compat/wakatime/v1/heartbeat.go:71.16,76.3 4 0
github.com/zetkey/waka3x/routes/compat/wakatime/v1/heartbeat.go:78.2,84.47 2 0
github.com/zetkey/waka3x/routes/compat/wakatime/v1/leaders.go:27.124,33.2 1 0
github.com/zetkey/waka3x/routes/compat/wakatime/v1/leaders.go:35.60,36.34 1 0
github.com/zetkey/waka3x/routes/compat/wakatime/v1/leaders.go:36.34,39.3 2 0
github.com/zetkey/waka3x/routes/compat/wakatime/v1/leaders.go:50.70,56.63 5 0
github.com/zetkey/waka3x/routes/compat/wakatime/v1/leaders.go:56.63,57.26 1 0
github.com/zetkey/waka3x/routes/compat/wakatime/v1/leaders.go:57.26,59.4 1 0
github.com/zetkey/waka3x/routes/compat/wakatime/v1/leaders.go:59.9,61.18 2 0
github.com/zetkey/waka3x/routes/compat/wakatime/v1/leaders.go:61.18,63.5 1 0
github.com/zetkey/waka3x/routes/compat/wakatime/v1/leaders.go:64.4,64.19 1 0
github.com/zetkey/waka3x/routes/compat/wakatime/v1/leaders.go:68.2,68.67 1 0
github.com/zetkey/waka3x/routes/compat/wakatime/v1/leaders.go:68.67,69.18 1 0
github.com/zetkey/waka3x/routes/compat/wakatime/v1/leaders.go:69.18,71.4 1 0
github.com/zetkey/waka3x/routes/compat/wakatime/v1/leaders.go:72.3,72.26 1 0
github.com/zetkey/waka3x/routes/compat/wakatime/v1/leaders.go:72.26,74.4 1 0
github.com/zetkey/waka3x/routes/compat/wakatime/v1/leaders.go:74.9,76.18 2 0
github.com/zetkey/waka3x/routes/compat/wakatime/v1/leaders.go:76.18,78.5 1 0
github.com/zetkey/waka3x/routes/compat/wakatime/v1/leaders.go:79.4,79.19 1 0
github.com/zetkey/waka3x/routes/compat/wakatime/v1/leaders.go:83.2,84.16 2 0
github.com/zetkey/waka3x/routes/compat/wakatime/v1/leaders.go:84.16,89.3 4 0
github.com/zetkey/waka3x/routes/compat/wakatime/v1/leaders.go:90.2,93.16 3 0
github.com/zetkey/waka3x/routes/compat/wakatime/v1/leaders.go:93.16,98.3 4 0
github.com/zetkey/waka3x/routes/compat/wakatime/v1/leaders.go:101.2,101.57 1 0
github.com/zetkey/waka3x/routes/compat/wakatime/v1/leaders.go:101.57,102.57 1 0
github.com/zetkey/waka3x/routes/compat/wakatime/v1/leaders.go:102.57,104.4 1 0
github.com/zetkey/waka3x/routes/compat/wakatime/v1/leaders.go:104.9,106.4 1 0
github.com/zetkey/waka3x/routes/compat/wakatime/v1/leaders.go:110.2,112.46 3 0
github.com/zetkey/waka3x/routes/compat/wakatime/v1/leaders.go:115.200,117.17 2 0
github.com/zetkey/waka3x/routes/compat/wakatime/v1/leaders.go:117.17,119.3 1 0
github.com/zetkey/waka3x/routes/compat/wakatime/v1/leaders.go:121.2,141.32 6 0
github.com/zetkey/waka3x/routes/compat/wakatime/v1/leaders.go:141.32,147.3 1 0
github.com/zetkey/waka3x/routes/compat/wakatime/v1/leaders.go:149.2,149.42 1 0
github.com/zetkey/waka3x/routes/compat/wakatime/v1/leaders.go:149.42,159.219 2 0
github.com/zetkey/waka3x/routes/compat/wakatime/v1/leaders.go:159.219,164.6 1 0
github.com/zetkey/waka3x/routes/compat/wakatime/v1/leaders.go:170.2,170.11 1 0
github.com/zetkey/waka3x/routes/compat/wakatime/v1/projects.go:27.123,33.2 1 0
github.com/zetkey/waka3x/routes/compat/wakatime/v1/projects.go:35.61,36.34 1 0
github.com/zetkey/waka3x/routes/compat/wakatime/v1/projects.go:36.34,40.3 3 0
github.com/zetkey/waka3x/routes/compat/wakatime/v1/projects.go:53.71,55.16 2 0
github.com/zetkey/waka3x/routes/compat/wakatime/v1/projects.go:55.16,57.3 1 0
github.com/zetkey/waka3x/routes/compat/wakatime/v1/projects.go:59.2,60.16 2 0
github.com/zetkey/waka3x/routes/compat/wakatime/v1/projects.go:60.16,65.3 4 0
github.com/zetkey/waka3x/routes/compat/wakatime/v1/projects.go:67.2,68.46 2 0
github.com/zetkey/waka3x/routes/compat/wakatime/v1/projects.go:81.74,83.16 2 0
github.com/zetkey/waka3x/routes/compat/wakatime/v1/projects.go:83.16,85.3 1 0
github.com/zetkey/waka3x/routes/compat/wakatime/v1/projects.go:87.2,88.16 2 0
github.com/zetkey/waka3x/routes/compat/wakatime/v1/projects.go:88.16,93.3 4 0
github.com/zetkey/waka3x/routes/compat/wakatime/v1/projects.go:95.2,95.24 1 0
github.com/zetkey/waka3x/routes/compat/wakatime/v1/projects.go:95.24,99.3 3 0
github.com/zetkey/waka3x/routes/compat/wakatime/v1/projects.go:101.2,102.46 2 0
github.com/zetkey/waka3x/routes/compat/wakatime/v1/projects.go:105.104,107.16 2 0
github.com/zetkey/waka3x/routes/compat/wakatime/v1/projects.go:107.16,109.3 1 0
github.com/zetkey/waka3x/routes/compat/wakatime/v1/projects.go:111.2,112.28 2 0
github.com/zetkey/waka3x/routes/compat/wakatime/v1/projects.go:112.28,113.79 1 0
github.com/zetkey/waka3x/routes/compat/wakatime/v1/projects.go:113.79,122.4 1 0
github.com/zetkey/waka3x/routes/compat/wakatime/v1/projects.go:125.2,125.22 1 0
github.com/zetkey/waka3x/routes/compat/wakatime/v1/stats.go:23.112,29.2 1 0
github.com/zetkey/waka3x/routes/compat/wakatime/v1/stats.go:31.58,32.34 1 0
github.com/zetkey/waka3x/routes/compat/wakatime/v1/stats.go:32.34,42.3 5 0
github.com/zetkey/waka3x/routes/compat/wakatime/v1/stats.go:63.68,69.53 5 0
github.com/zetkey/waka3x/routes/compat/wakatime/v1/stats.go:69.53,71.3 1 0
github.com/zetkey/waka3x/routes/compat/wakatime/v1/stats.go:73.2,74.16 2 0
github.com/zetkey/waka3x/routes/compat/wakatime/v1/stats.go:74.16,78.3 3 0
github.com/zetkey/waka3x/routes/compat/wakatime/v1/stats.go:82.2,82.22 1 0
github.com/zetkey/waka3x/routes/compat/wakatime/v1/stats.go:82.22,83.100 1 0
github.com/zetkey/waka3x/routes/compat/wakatime/v1/stats.go:83.100,85.4 1 0
github.com/zetkey/waka3x/routes/compat/wakatime/v1/stats.go:85.9,87.4 1 0
github.com/zetkey/waka3x/routes/compat/wakatime/v1/stats.go:90.2,91.16 2 0
github.com/zetkey/waka3x/routes/compat/wakatime/v1/stats.go:91.16,95.3 3 0
github.com/zetkey/waka3x/routes/compat/wakatime/v1/stats.go:97.2,99.69 2 0
github.com/zetkey/waka3x/routes/compat/wakatime/v1/stats.go:99.69,103.3 3 0
github.com/zetkey/waka3x/routes/compat/wakatime/v1/stats.go:105.2,106.16 2 0
github.com/zetkey/waka3x/routes/compat/wakatime/v1/stats.go:106.16,110.3 3 0
github.com/zetkey/waka3x/routes/compat/wakatime/v1/stats.go:112.2,112.40 1 0
github.com/zetkey/waka3x/routes/compat/wakatime/v1/stats.go:112.40,117.3 4 0
github.com/zetkey/waka3x/routes/compat/wakatime/v1/stats.go:118.2,126.68 7 0
github.com/zetkey/waka3x/routes/compat/wakatime/v1/stats.go:126.68,128.34 1 0
github.com/zetkey/waka3x/routes/compat/wakatime/v1/stats.go:128.34,130.4 1 0
github.com/zetkey/waka3x/routes/compat/wakatime/v1/stats.go:131.3,131.36 1 0
github.com/zetkey/waka3x/routes/compat/wakatime/v1/stats.go:131.36,133.4 1 0
github.com/zetkey/waka3x/routes/compat/wakatime/v1/stats.go:134.3,134.35 1 0
github.com/zetkey/waka3x/routes/compat/wakatime/v1/stats.go:134.35,136.4 1 0
github.com/zetkey/waka3x/routes/compat/wakatime/v1/stats.go:137.3,137.30 1 0
github.com/zetkey/waka3x/routes/compat/wakatime/v1/stats.go:137.30,139.4 1 0
github.com/zetkey/waka3x/routes/compat/wakatime/v1/stats.go:140.3,140.35 1 0
github.com/zetkey/waka3x/routes/compat/wakatime/v1/stats.go:140.35,142.4 1 0
github.com/zetkey/waka3x/routes/compat/wakatime/v1/stats.go:145.2,145.49 1 0
github.com/zetkey/waka3x/routes/compat/wakatime/v1/stats.go:148.136,157.16 3 0
github.com/zetkey/waka3x/routes/compat/wakatime/v1/stats.go:157.16,159.3 1 0
github.com/zetkey/waka3x/routes/compat/wakatime/v1/stats.go:161.2,161.36 1 0
github.com/zetkey/waka3x/routes/compat/wakatime/v1/statusbar.go:30.120,36.2 1 0
github.com/zetkey/waka3x/routes/compat/wakatime/v1/statusbar.go:38.62,39.34 1 0
github.com/zetkey/waka3x/routes/compat/wakatime/v1/statusbar.go:39.34,44.3 4 0
github.com/zetkey/waka3x/routes/compat/wakatime/v1/statusbar.go:56.72,58.16 2 0
github.com/zetkey/waka3x/routes/compat/wakatime/v1/statusbar.go:58.16,60.3 1 0
github.com/zetkey/waka3x/routes/compat/wakatime/v1/statusbar.go:62.2,63.22 2 0
github.com/zetkey/waka3x/routes/compat/wakatime/v1/statusbar.go:63.22,65.3 1 0
github.com/zetkey/waka3x/routes/compat/wakatime/v1/statusbar.go:67.2,68.16 2 0
github.com/zetkey/waka3x/routes/compat/wakatime/v1/statusbar.go:68.16,72.3 3 0
github.com/zetkey/waka3x/routes/compat/wakatime/v1/statusbar.go:74.2,75.16 2 0
github.com/zetkey/waka3x/routes/compat/wakatime/v1/statusbar.go:75.16,79.3 3 0
github.com/zetkey/waka3x/routes/compat/wakatime/v1/statusbar.go:80.2,84.4 2 0
github.com/zetkey/waka3x/routes/compat/wakatime/v1/statusbar.go:87.115,96.29 3 0
github.com/zetkey/waka3x/routes/compat/wakatime/v1/statusbar.go:96.29,98.3 1 0
github.com/zetkey/waka3x/routes/compat/wakatime/v1/statusbar.go:100.2,101.16 2 0
github.com/zetkey/waka3x/routes/compat/wakatime/v1/statusbar.go:101.16,103.3 1 0
github.com/zetkey/waka3x/routes/compat/wakatime/v1/statusbar.go:105.2,105.36 1 0
github.com/zetkey/waka3x/routes/compat/wakatime/v1/summaries.go:28.120,34.2 1 0
github.com/zetkey/waka3x/routes/compat/wakatime/v1/summaries.go:36.62,37.34 1 0
github.com/zetkey/waka3x/routes/compat/wakatime/v1/summaries.go:37.34,40.3 2 0
github.com/zetkey/waka3x/routes/compat/wakatime/v1/summaries.go:66.72,68.16 2 0
github.com/zetkey/waka3x/routes/compat/wakatime/v1/summaries.go:68.16,70.3 1 0
github.com/zetkey/waka3x/routes/compat/wakatime/v1/summaries.go:72.2,73.16 2 0
github.com/zetkey/waka3x/routes/compat/wakatime/v1/summaries.go:73.16,77.3 3 0
github.com/zetkey/waka3x/routes/compat/wakatime/v1/summaries.go:79.2,80.46 2 0
github.com/zetkey/waka3x/routes/compat/wakatime/v1/summaries.go:83.114,89.19 5 0
github.com/zetkey/waka3x/routes/compat/wakatime/v1/summaries.go:89.19,90.56 1 0
github.com/zetkey/waka3x/routes/compat/wakatime/v1/summaries.go:90.56,92.4 1 0
github.com/zetkey/waka3x/routes/compat/wakatime/v1/summaries.go:95.2,96.22 2 0
github.com/zetkey/waka3x/routes/compat/wakatime/v1/summaries.go:96.22,98.111 1 0
github.com/zetkey/waka3x/routes/compat/wakatime/v1/summaries.go:98.111,100.4 1 0
github.com/zetkey/waka3x/routes/compat/wakatime/v1/summaries.go:100.9,102.4 1 0
github.com/zetkey/waka3x/routes/compat/wakatime/v1/summaries.go:103.8,103.143 1 0
github.com/zetkey/waka3x/routes/compat/wakatime/v1/summaries.go:103.143,106.3 1 0
github.com/zetkey/waka3x/routes/compat/wakatime/v1/summaries.go:106.8,111.17 3 0
github.com/zetkey/waka3x/routes/compat/wakatime/v1/summaries.go:111.17,113.4 1 0
github.com/zetkey/waka3x/routes/compat/wakatime/v1/summaries.go:115.3,116.17 2 0
github.com/zetkey/waka3x/routes/compat/wakatime/v1/summaries.go:116.17,118.4 1 0
github.com/zetkey/waka3x/routes/compat/wakatime/v1/summaries.go:125.2,127.23 2 0
github.com/zetkey/waka3x/routes/compat/wakatime/v1/summaries.go:127.23,129.3 1 0
github.com/zetkey/waka3x/routes/compat/wakatime/v1/summaries.go:131.2,143.37 5 0
github.com/zetkey/waka3x/routes/compat/wakatime/v1/summaries.go:143.37,145.17 2 0
github.com/zetkey/waka3x/routes/compat/wakatime/v1/summaries.go:145.17,147.4 1 0
github.com/zetkey/waka3x/routes/compat/wakatime/v1/summaries.go:149.3,151.25 3 0
github.com/zetkey/waka3x/routes/compat/wakatime/v1/summaries.go:154.2,154.38 1 0
github.com/zetkey/waka3x/routes/compat/wakatime/v1/user_agents.go:22.127,28.2 1 0
github.com/zetkey/waka3x/routes/compat/wakatime/v1/user_agents.go:30.63,31.34 1 0
github.com/zetkey/waka3x/routes/compat/wakatime/v1/user_agents.go:31.34,34.3 2 0
github.com/zetkey/waka3x/routes/compat/wakatime/v1/user_agents.go:46.73,48.16 2 0
github.com/zetkey/waka3x/routes/compat/wakatime/v1/user_agents.go:48.16,50.3 1 0
github.com/zetkey/waka3x/routes/compat/wakatime/v1/user_agents.go:52.2,53.16 2 0
github.com/zetkey/waka3x/routes/compat/wakatime/v1/user_agents.go:53.16,58.3 4 0
github.com/zetkey/waka3x/routes/compat/wakatime/v1/user_agents.go:60.2,61.46 2 0
github.com/zetkey/waka3x/routes/compat/wakatime/v1/user_agents.go:64.100,70.32 2 0
github.com/zetkey/waka3x/routes/compat/wakatime/v1/user_agents.go:70.32,72.3 1 0
github.com/zetkey/waka3x/routes/compat/wakatime/v1/user_agents.go:74.2,74.11 1 0
github.com/zetkey/waka3x/routes/compat/wakatime/v1/users.go:21.116,27.2 1 1
github.com/zetkey/waka3x/routes/compat/wakatime/v1/users.go:29.58,30.34 1 1
github.com/zetkey/waka3x/routes/compat/wakatime/v1/users.go:30.34,33.3 2 1
github.com/zetkey/waka3x/routes/compat/wakatime/v1/users.go:45.68,47.16 2 1
github.com/zetkey/waka3x/routes/compat/wakatime/v1/users.go:47.16,49.3 1 1
github.com/zetkey/waka3x/routes/compat/wakatime/v1/users.go:51.2,52.72 2 1
github.com/zetkey/waka3x/routes/compat/wakatime/v1/users.go:52.72,54.3 1 1
github.com/zetkey/waka3x/routes/compat/wakatime/v1/users.go:54.8,56.3 1 0
github.com/zetkey/waka3x/routes/compat/wakatime/v1/users.go:58.2,58.72 1 1
github.com/zetkey/waka3x/services/imports/wakatime.go:19.77,21.2 1 1
github.com/zetkey/waka3x/services/imports/wakatime.go:23.124,24.41 1 0
github.com/zetkey/waka3x/services/imports/wakatime.go:24.41,26.3 1 0
github.com/zetkey/waka3x/services/imports/wakatime.go:27.2,27.97 1 0
github.com/zetkey/waka3x/services/imports/wakatime.go:27.97,29.3 1 0
github.com/zetkey/waka3x/services/imports/wakatime.go:30.2,30.76 1 0
github.com/zetkey/waka3x/services/imports/wakatime.go:33.91,34.41 1 0
github.com/zetkey/waka3x/services/imports/wakatime.go:34.41,36.3 1 0
github.com/zetkey/waka3x/services/imports/wakatime.go:37.2,37.97 1 0
github.com/zetkey/waka3x/services/imports/wakatime.go:37.97,39.3 1 0
github.com/zetkey/waka3x/services/imports/wakatime.go:40.2,40.63 1 0
github.com/zetkey/waka3x/services/imports/wakatime.go:43.62,45.2 1 1
github.com/zetkey/waka3x/services/imports/wakatime.go:47.62,51.16 3 1
github.com/zetkey/waka3x/services/imports/wakatime.go:51.16,53.3 1 0
github.com/zetkey/waka3x/services/imports/wakatime.go:55.2,55.68 1 1
github.com/zetkey/waka3x/services/imports/wakatime.go:55.68,57.3 1 1
github.com/zetkey/waka3x/services/imports/wakatime.go:59.2,59.77 1 1
github.com/zetkey/waka3x/services/imports/wakatime.go:59.77,61.3 1 1
github.com/zetkey/waka3x/services/imports/wakatime.go:62.2,62.12 1 1
github.com/zetkey/waka3x/services/imports/wakatime_dump.go:29.67,35.2 1 0
github.com/zetkey/waka3x/services/imports/wakatime_dump.go:37.128,45.73 6 0
github.com/zetkey/waka3x/services/imports/wakatime_dump.go:45.73,47.74 2 0
github.com/zetkey/waka3x/services/imports/wakatime_dump.go:47.74,49.4 1 0
github.com/zetkey/waka3x/services/imports/wakatime_dump.go:52.3,52.95 1 0
github.com/zetkey/waka3x/services/imports/wakatime_dump.go:52.95,54.4 1 0
github.com/zetkey/waka3x/services/imports/wakatime_dump.go:54.9,56.4 1 0
github.com/zetkey/waka3x/services/imports/wakatime_dump.go:57.8,57.23 1 0
github.com/zetkey/waka3x/services/imports/wakatime_dump.go:57.23,59.3 1 0
github.com/zetkey/waka3x/services/imports/wakatime_dump.go:60.2,65.86 3 0
github.com/zetkey/waka3x/services/imports/wakatime_dump.go:65.86,68.17 3 0
github.com/zetkey/waka3x/services/imports/wakatime_dump.go:68.17,70.4 1 0
github.com/zetkey/waka3x/services/imports/wakatime_dump.go:72.3,73.73 2 0
github.com/zetkey/waka3x/services/imports/wakatime_dump.go:73.73,75.4 1 0
github.com/zetkey/waka3x/services/imports/wakatime_dump.go:77.3,77.120 1 0
github.com/zetkey/waka3x/services/imports/wakatime_dump.go:77.120,79.4 1 0
github.com/zetkey/waka3x/services/imports/wakatime_dump.go:79.10,81.4 1 0
github.com/zetkey/waka3x/services/imports/wakatime_dump.go:82.3,82.54 1 0
github.com/zetkey/waka3x/services/imports/wakatime_dump.go:85.2,85.53 1 0
github.com/zetkey/waka3x/services/imports/wakatime_dump.go:85.53,89.3 3 0
github.com/zetkey/waka3x/services/imports/wakatime_dump.go:91.2,91.98 1 0
github.com/zetkey/waka3x/services/imports/wakatime_dump.go:91.98,99.17 6 0
github.com/zetkey/waka3x/services/imports/wakatime_dump.go:99.17,102.4 2 0
github.com/zetkey/waka3x/services/imports/wakatime_dump.go:103.3,109.65 4 0
github.com/zetkey/waka3x/services/imports/wakatime_dump.go:109.65,112.4 2 0
github.com/zetkey/waka3x/services/imports/wakatime_dump.go:115.3,116.85 2 0
github.com/zetkey/waka3x/services/imports/wakatime_dump.go:116.85,119.4 2 0
github.com/zetkey/waka3x/services/imports/wakatime_dump.go:120.3,121.90 2 0
github.com/zetkey/waka3x/services/imports/wakatime_dump.go:121.90,124.4 2 0
github.com/zetkey/waka3x/services/imports/wakatime_dump.go:127.3,127.31 1 0
github.com/zetkey/waka3x/services/imports/wakatime_dump.go:127.31,128.35 1 0
github.com/zetkey/waka3x/services/imports/wakatime_dump.go:128.35,130.64 2 0
github.com/zetkey/waka3x/services/imports/wakatime_dump.go:130.64,131.14 1 0
github.com/zetkey/waka3x/services/imports/wakatime_dump.go:133.5,133.14 1 0
github.com/zetkey/waka3x/services/imports/wakatime_dump.go:139.2,139.53 1 0
github.com/zetkey/waka3x/services/imports/wakatime_dump.go:139.53,142.17 3 0
github.com/zetkey/waka3x/services/imports/wakatime_dump.go:142.17,144.4 1 0
github.com/zetkey/waka3x/services/imports/wakatime_dump.go:144.9,144.16 1 0
github.com/zetkey/waka3x/services/imports/wakatime_dump.go:144.16,147.4 2 0
github.com/zetkey/waka3x/services/imports/wakatime_dump.go:150.2,150.17 1 0
github.com/zetkey/waka3x/services/imports/wakatime_dump.go:153.95,155.2 1 0
github.com/zetkey/waka3x/services/imports/wakatime_dump.go:157.77,170.2 5 0
github.com/zetkey/waka3x/services/imports/wakatime_heartbeats.go:38.78,44.2 1 0
github.com/zetkey/waka3x/services/imports/wakatime_heartbeats.go:46.134,49.101 2 0
github.com/zetkey/waka3x/services/imports/wakatime_heartbeats.go:49.101,55.17 4 0
github.com/zetkey/waka3x/services/imports/wakatime_heartbeats.go:55.17,58.4 2 0
github.com/zetkey/waka3x/services/imports/wakatime_heartbeats.go:60.3,60.32 1 0
github.com/zetkey/waka3x/services/imports/wakatime_heartbeats.go:60.32,62.4 1 0
github.com/zetkey/waka3x/services/imports/wakatime_heartbeats.go:63.3,63.27 1 0
github.com/zetkey/waka3x/services/imports/wakatime_heartbeats.go:63.27,65.4 1 0
github.com/zetkey/waka3x/services/imports/wakatime_heartbeats.go:67.3,68.66 2 0
github.com/zetkey/waka3x/services/imports/wakatime_heartbeats.go:68.66,70.4 1 0
github.com/zetkey/waka3x/services/imports/wakatime_heartbeats.go:70.9,70.55 1 0
github.com/zetkey/waka3x/services/imports/wakatime_heartbeats.go:70.55,74.4 2 0
github.com/zetkey/waka3x/services/imports/wakatime_heartbeats.go:76.3,77.68 2 0
github.com/zetkey/waka3x/services/imports/wakatime_heartbeats.go:77.68,79.4 1 0
github.com/zetkey/waka3x/services/imports/wakatime_heartbeats.go:79.9,79.55 1 0
github.com/zetkey/waka3x/services/imports/wakatime_heartbeats.go:79.55,83.4 2 0
github.com/zetkey/waka3x/services/imports/wakatime_heartbeats.go:85.3,90.26 4 0
github.com/zetkey/waka3x/services/imports/wakatime_heartbeats.go:90.26,93.21 2 0
github.com/zetkey/waka3x/services/imports/wakatime_heartbeats.go:93.21,98.19 4 0
github.com/zetkey/waka3x/services/imports/wakatime_heartbeats.go:98.19,100.6 1 0
github.com/zetkey/waka3x/services/imports/wakatime_heartbeats.go:102.5,102.34 1 0
github.com/zetkey/waka3x/services/imports/wakatime_heartbeats.go:102.34,104.65 2 0
github.com/zetkey/waka3x/services/imports/wakatime_heartbeats.go:104.65,105.15 1 0
github.com/zetkey/waka3x/services/imports/wakatime_heartbeats.go:107.6,107.15 1 0
github.com/zetkey/waka3x/services/imports/wakatime_heartbeats.go:110.5,110.21 1 0
github.com/zetkey/waka3x/services/imports/wakatime_heartbeats.go:110.21,112.6 1 0
github.com/zetkey/waka3x/services/imports/wakatime_heartbeats.go:116.3,116.19 1 0
github.com/zetkey/waka3x/services/imports/wakatime_heartbeats.go:119.2,119.65 1 0
github.com/zetkey/waka3x/services/imports/wakatime_heartbeats.go:119.65,121.3 1 0
github.com/zetkey/waka3x/services/imports/wakatime_heartbeats.go:123.2,124.36 2 0
github.com/zetkey/waka3x/services/imports/wakatime_heartbeats.go:124.36,126.3 1 0
github.com/zetkey/waka3x/services/imports/wakatime_heartbeats.go:126.17,128.3 1 0
github.com/zetkey/waka3x/services/imports/wakatime_heartbeats.go:130.2,130.17 1 0
github.com/zetkey/waka3x/services/imports/wakatime_heartbeats.go:133.101,135.2 1 0
github.com/zetkey/waka3x/services/imports/wakatime_heartbeats.go:139.118,141.16 2 0
github.com/zetkey/waka3x/services/imports/wakatime_heartbeats.go:141.16,143.3 1 0
github.com/zetkey/waka3x/services/imports/wakatime_heartbeats.go:145.2,152.16 6 0
github.com/zetkey/waka3x/services/imports/wakatime_heartbeats.go:152.16,154.3 1 0
github.com/zetkey/waka3x/services/imports/wakatime_heartbeats.go:154.8,154.34 1 0
github.com/zetkey/waka3x/services/imports/wakatime_heartbeats.go:154.34,156.3 1 0
github.com/zetkey/waka3x/services/imports/wakatime_heartbeats.go:156.8,156.34 1 0
github.com/zetkey/waka3x/services/imports/wakatime_heartbeats.go:156.34,158.3 1 0
github.com/zetkey/waka3x/services/imports/wakatime_heartbeats.go:159.2,162.74 3 0
github.com/zetkey/waka3x/services/imports/wakatime_heartbeats.go:162.74,164.3 1 0
github.com/zetkey/waka3x/services/imports/wakatime_heartbeats.go:166.2,166.33 1 0
github.com/zetkey/waka3x/services/imports/wakatime_heartbeats.go:171.95,175.16 3 0
github.com/zetkey/waka3x/services/imports/wakatime_heartbeats.go:175.16,177.3 1 0
github.com/zetkey/waka3x/services/imports/wakatime_heartbeats.go:179.2,180.16 2 0
github.com/zetkey/waka3x/services/imports/wakatime_heartbeats.go:180.16,182.3 1 0
github.com/zetkey/waka3x/services/imports/wakatime_heartbeats.go:185.2,186.16 2 0
github.com/zetkey/waka3x/services/imports/wakatime_heartbeats.go:186.16,188.3 1 0
github.com/zetkey/waka3x/services/imports/wakatime_heartbeats.go:190.2,191.16 2 0
github.com/zetkey/waka3x/services/imports/wakatime_heartbeats.go:191.16,193.3 1 0
github.com/zetkey/waka3x/services/imports/wakatime_heartbeats.go:195.2,196.16 2 0
github.com/zetkey/waka3x/services/imports/wakatime_heartbeats.go:196.16,198.3 1 0
github.com/zetkey/waka3x/services/imports/wakatime_heartbeats.go:200.2,200.32 1 0
github.com/zetkey/waka3x/services/imports/wakatime_heartbeats.go:203.83,206.2 2 0
github.com/zetkey/waka3x/services/imports/wakatime_heartbeats.go:208.51,214.54 4 0
github.com/zetkey/waka3x/services/imports/wakatime_heartbeats.go:214.54,216.3 1 0
github.com/zetkey/waka3x/services/imports/wakatime_heartbeats.go:218.2,218.13 1 0
github.com/zetkey/waka3x/services/imports/wakatime_utils.go:18.91,23.26 3 0
github.com/zetkey/waka3x/services/imports/wakatime_utils.go:23.26,27.17 4 0
github.com/zetkey/waka3x/services/imports/wakatime_utils.go:27.17,29.4 1 0
github.com/zetkey/waka3x/services/imports/wakatime_utils.go:31.3,32.17 2 0
github.com/zetkey/waka3x/services/imports/wakatime_utils.go:32.17,34.4 1 0
github.com/zetkey/waka3x/services/imports/wakatime_utils.go:35.3,38.72 3 0
github.com/zetkey/waka3x/services/imports/wakatime_utils.go:38.72,40.4 1 0
github.com/zetkey/waka3x/services/imports/wakatime_utils.go:42.3,42.39 1 0
github.com/zetkey/waka3x/services/imports/wakatime_utils.go:42.39,44.4 1 0
github.com/zetkey/waka3x/services/imports/wakatime_utils.go:46.3,46.37 1 0
github.com/zetkey/waka3x/services/imports/wakatime_utils.go:46.37,47.9 1 0
github.com/zetkey/waka3x/services/imports/wakatime_utils.go:51.2,51.22 1 0
github.com/zetkey/waka3x/services/imports/wakatime_utils.go:56.91,61.26 3 0
github.com/zetkey/waka3x/services/imports/wakatime_utils.go:61.26,65.17 4 0
github.com/zetkey/waka3x/services/imports/wakatime_utils.go:65.17,67.4 1 0
github.com/zetkey/waka3x/services/imports/wakatime_utils.go:69.3,70.17 2 0
github.com/zetkey/waka3x/services/imports/wakatime_utils.go:70.17,72.4 1 0
github.com/zetkey/waka3x/services/imports/wakatime_utils.go:73.3,76.75 3 0
github.com/zetkey/waka3x/services/imports/wakatime_utils.go:76.75,78.4 1 0
github.com/zetkey/waka3x/services/imports/wakatime_utils.go:80.3,80.42 1 0
github.com/zetkey/waka3x/services/imports/wakatime_utils.go:80.42,82.4 1 0
github.com/zetkey/waka3x/services/imports/wakatime_utils.go:84.3,84.40 1 0
github.com/zetkey/waka3x/services/imports/wakatime_utils.go:84.40,85.9 1 0
github.com/zetkey/waka3x/services/imports/wakatime_utils.go:89.2,89.24 1 0
github.com/zetkey/waka3x/services/imports/wakatime_utils.go:97.21,99.15 2 0
github.com/zetkey/waka3x/services/imports/wakatime_utils.go:99.15,101.80 1 0
github.com/zetkey/waka3x/services/imports/wakatime_utils.go:101.80,106.4 1 0
github.com/zetkey/waka3x/services/imports/wakatime_utils.go:106.9,111.4 1 0
github.com/zetkey/waka3x/services/imports/wakatime_utils.go:114.2,115.15 2 0
github.com/zetkey/waka3x/services/imports/wakatime_utils.go:115.15,120.3 1 0
github.com/zetkey/waka3x/services/imports/wakatime_utils.go:122.2,140.13 1 0
github.com/zetkey/waka3x/middlewares/authenticate.go:40.91,48.2 1 1
github.com/zetkey/waka3x/middlewares/authenticate.go:50.91,53.2 2 0
github.com/zetkey/waka3x/middlewares/authenticate.go:55.100,58.2 2 0
github.com/zetkey/waka3x/middlewares/authenticate.go:60.90,63.2 2 0
github.com/zetkey/waka3x/middlewares/authenticate.go:65.99,68.2 2 0
github.com/zetkey/waka3x/middlewares/authenticate.go:70.101,73.2 2 1
github.com/zetkey/waka3x/middlewares/authenticate.go:75.71,76.71 1 0
github.com/zetkey/waka3x/middlewares/authenticate.go:76.71,78.3 1 0
github.com/zetkey/waka3x/middlewares/authenticate.go:81.107,84.27 2 0
github.com/zetkey/waka3x/middlewares/authenticate.go:84.27,88.3 1 0
github.com/zetkey/waka3x/middlewares/authenticate.go:90.2,91.16 2 0
github.com/zetkey/waka3x/middlewares/authenticate.go:91.16,93.3 1 0
github.com/zetkey/waka3x/middlewares/authenticate.go:94.2,94.16 1 0
github.com/zetkey/waka3x/middlewares/authenticate.go:94.16,96.3 1 0
github.com/zetkey/waka3x/middlewares/authenticate.go:97.2,97.55 1 0
github.com/zetkey/waka3x/middlewares/authenticate.go:97.55,99.3 1 0
github.com/zetkey/waka3x/middlewares/authenticate.go:101.2,101.31 1 0
github.com/zetkey/waka3x/middlewares/authenticate.go:101.31,102.22 1 0
github.com/zetkey/waka3x/middlewares/authenticate.go:102.22,105.4 2 0
github.com/zetkey/waka3x/middlewares/authenticate.go:107.3,107.29 1 0
github.com/zetkey/waka3x/middlewares/authenticate.go:107.29,110.4 2 0
github.com/zetkey/waka3x/middlewares/authenticate.go:110.9,111.36 1 0
github.com/zetkey/waka3x/middlewares/authenticate.go:111.36,115.5 3 0
github.com/zetkey/waka3x/middlewares/authenticate.go:116.4,117.59 2 0
github.com/zetkey/waka3x/middlewares/authenticate.go:119.3,119.9 1 0
github.com/zetkey/waka3x/middlewares/authenticate.go:122.2,123.12 2 0
github.com/zetkey/waka3x/middlewares/authenticate.go:126.67,127.39 1 0
github.com/zetkey/waka3x/middlewares/authenticate.go:127.39,128.58 1 0
github.com/zetkey/waka3x/middlewares/authenticate.go:128.58,130.4 1 0
github.com/zetkey/waka3x/middlewares/authenticate.go:132.2,132.41 1 0
github.com/zetkey/waka3x/middlewares/authenticate.go:132.41,133.37 1 0
github.com/zetkey/waka3x/middlewares/authenticate.go:133.37,135.4 1 0
github.com/zetkey/waka3x/middlewares/authenticate.go:137.2,137.14 1 0
github.com/zetkey/waka3x/middlewares/authenticate.go:140.98,142.16 2 1
github.com/zetkey/waka3x/middlewares/authenticate.go:142.16,144.3 1 1
github.com/zetkey/waka3x/middlewares/authenticate.go:146.2,149.16 4 1
github.com/zetkey/waka3x/middlewares/authenticate.go:149.16,151.3 1 1
github.com/zetkey/waka3x/middlewares/authenticate.go:152.2,152.18 1 1
github.com/zetkey/waka3x/middlewares/authenticate.go:155.97,159.19 4 1
github.com/zetkey/waka3x/middlewares/authenticate.go:159.19,161.3 1 1
github.com/zetkey/waka3x/middlewares/authenticate.go:162.2,163.16 2 1
github.com/zetkey/waka3x/middlewares/authenticate.go:163.16,165.3 1 0
github.com/zetkey/waka3x/middlewares/authenticate.go:166.2,166.18 1 1
github.com/zetkey/waka3x/middlewares/authenticate.go:169.112,170.42 1 1
github.com/zetkey/waka3x/middlewares/authenticate.go:170.42,172.3 1 1
github.com/zetkey/waka3x/middlewares/authenticate.go:173.2,176.22 3 1
github.com/zetkey/waka3x/middlewares/authenticate.go:176.22,178.3 1 0
github.com/zetkey/waka3x/middlewares/authenticate.go:179.2,179.170 1 1
github.com/zetkey/waka3x/middlewares/authenticate.go:179.170,181.3 1 1
github.com/zetkey/waka3x/middlewares/authenticate.go:181.5,183.3 1 1
github.com/zetkey/waka3x/middlewares/authenticate.go:185.2,186.16 2 1
github.com/zetkey/waka3x/middlewares/authenticate.go:186.16,188.3 1 1
github.com/zetkey/waka3x/middlewares/authenticate.go:190.2,190.50 1 1
github.com/zetkey/waka3x/middlewares/authenticate.go:190.50,192.3 1 1
github.com/zetkey/waka3x/middlewares/authenticate.go:195.2,201.68 3 1
github.com/zetkey/waka3x/middlewares/authenticate.go:201.68,203.3 1 0
github.com/zetkey/waka3x/middlewares/authenticate.go:204.2,204.43 1 1
github.com/zetkey/waka3x/middlewares/authenticate.go:207.92,209.16 2 0
github.com/zetkey/waka3x/middlewares/authenticate.go:209.16,211.3 1 0
github.com/zetkey/waka3x/middlewares/authenticate.go:213.2,214.16 2 0
github.com/zetkey/waka3x/middlewares/authenticate.go:214.16,216.3 1 0
github.com/zetkey/waka3x/middlewares/authenticate.go:221.2,221.18 1 0
github.com/zetkey/waka3x/middlewares/authenticate.go:226.93,228.20 2 1
github.com/zetkey/waka3x/middlewares/authenticate.go:228.20,230.3 1 1
github.com/zetkey/waka3x/middlewares/authenticate.go:232.2,232.24 1 1
github.com/zetkey/waka3x/middlewares/authenticate.go:232.24,234.17 2 1
github.com/zetkey/waka3x/middlewares/authenticate.go:234.17,237.4 2 0
github.com/zetkey/waka3x/middlewares/authenticate.go:239.3,239.85 1 1
github.com/zetkey/waka3x/middlewares/authenticate.go:239.85,242.4 2 1
github.com/zetkey/waka3x/middlewares/authenticate.go:244.3,246.14 3 1
github.com/zetkey/waka3x/middlewares/authenticate.go:249.2,249.14 1 1
github.com/zetkey/waka3x/middlewares/filetype.go:13.83,14.43 1 0
github.com/zetkey/waka3x/middlewares/filetype.go:14.43,19.3 1 0
github.com/zetkey/waka3x/middlewares/filetype.go:22.84,24.34 2 0
github.com/zetkey/waka3x/middlewares/filetype.go:24.34,25.50 1 0
github.com/zetkey/waka3x/middlewares/filetype.go:25.50,29.4 3 0
github.com/zetkey/waka3x/middlewares/filetype.go:31.2,31.27 1 0
github.com/zetkey/waka3x/middlewares/logging.go:21.102,22.43 1 0
github.com/zetkey/waka3x/middlewares/logging.go:22.43,28.3 1 0
github.com/zetkey/waka3x/middlewares/logging.go:31.80,40.44 7 0
github.com/zetkey/waka3x/middlewares/logging.go:40.44,41.38 1 0
github.com/zetkey/waka3x/middlewares/logging.go:41.38,43.4 1 0
github.com/zetkey/waka3x/middlewares/logging.go:46.2,54.3 1 0
github.com/zetkey/waka3x/middlewares/logging.go:57.41,59.14 2 0
github.com/zetkey/waka3x/middlewares/logging.go:59.14,61.3 1 0
github.com/zetkey/waka3x/middlewares/logging.go:62.2,62.14 1 0
github.com/zetkey/waka3x/middlewares/logging.go:62.14,64.3 1 0
github.com/zetkey/waka3x/middlewares/logging.go:65.2,65.11 1 0
github.com/zetkey/waka3x/middlewares/logging.go:68.41,69.42 1 0
github.com/zetkey/waka3x/middlewares/logging.go:69.42,71.3 1 0
github.com/zetkey/waka3x/middlewares/logging.go:72.2,72.12 1 0
github.com/zetkey/waka3x/middlewares/logging.go:103.52,105.2 1 0
github.com/zetkey/waka3x/middlewares/logging.go:117.45,118.20 1 0
github.com/zetkey/waka3x/middlewares/logging.go:118.20,122.3 3 0
github.com/zetkey/waka3x/middlewares/logging.go:124.54,127.18 3 0
github.com/zetkey/waka3x/middlewares/logging.go:127.18,130.17 2 0
github.com/zetkey/waka3x/middlewares/logging.go:130.17,132.4 1 0
github.com/zetkey/waka3x/middlewares/logging.go:134.2,135.15 2 0
github.com/zetkey/waka3x/middlewares/logging.go:137.42,138.20 1 0
github.com/zetkey/waka3x/middlewares/logging.go:138.20,140.3 1 0
github.com/zetkey/waka3x/middlewares/logging.go:142.36,144.2 1 0
github.com/zetkey/waka3x/middlewares/logging.go:145.42,147.2 1 0
github.com/zetkey/waka3x/middlewares/logging.go:148.40,150.2 1 0
github.com/zetkey/waka3x/middlewares/logging.go:151.52,153.2 1 0
github.com/zetkey/waka3x/middlewares/principal.go:10.55,12.2 1 0
github.com/zetkey/waka3x/middlewares/principal.go:14.49,16.2 1 0
github.com/zetkey/waka3x/middlewares/security.go:19.62,20.43 1 0
github.com/zetkey/waka3x/middlewares/security.go:20.43,22.3 1 0
github.com/zetkey/waka3x/middlewares/security.go:25.80,26.36 1 0
github.com/zetkey/waka3x/middlewares/security.go:26.36,27.30 1 0
github.com/zetkey/waka3x/middlewares/security.go:27.30,29.4 1 0
github.com/zetkey/waka3x/middlewares/security.go:31.2,31.27 1 0
github.com/zetkey/waka3x/middlewares/sentry.go:15.60,16.43 1 0
github.com/zetkey/waka3x/middlewares/sentry.go:16.43,20.3 1 0
github.com/zetkey/waka3x/middlewares/sentry.go:23.78,26.54 3 0
github.com/zetkey/waka3x/middlewares/sentry.go:26.54,27.43 1 0
github.com/zetkey/waka3x/middlewares/sentry.go:27.43,29.4 1 0
github.com/zetkey/waka3x/middlewares/shared_data.go:32.64,33.43 1 0
github.com/zetkey/waka3x/middlewares/shared_data.go:33.43,35.3 1 0
github.com/zetkey/waka3x/middlewares/shared_data.go:38.82,42.2 3 0
github.com/zetkey/waka3x/utils/auth.go:18.79,20.54 2 0
github.com/zetkey/waka3x/utils/auth.go:20.54,22.3 1 0
github.com/zetkey/waka3x/utils/auth.go:24.2,26.16 3 0
github.com/zetkey/waka3x/utils/auth.go:26.16,28.3 1 0
github.com/zetkey/waka3x/utils/auth.go:30.2,32.45 3 0
github.com/zetkey/waka3x/utils/auth.go:32.45,34.3 1 0
github.com/zetkey/waka3x/utils/auth.go:35.2,36.32 2 0
github.com/zetkey/waka3x/utils/auth.go:39.65,41.85 2 0
github.com/zetkey/waka3x/utils/auth.go:41.85,43.3 1 0
github.com/zetkey/waka3x/utils/auth.go:45.2,46.30 2 0
github.com/zetkey/waka3x/utils/auth.go:51.57,52.34 1 0
github.com/zetkey/waka3x/utils/auth.go:52.34,54.3 1 0
github.com/zetkey/waka3x/utils/auth.go:55.2,55.45 1 0
github.com/zetkey/waka3x/utils/auth.go:58.57,60.2 1 0
github.com/zetkey/waka3x/utils/auth.go:62.55,66.2 3 0
github.com/zetkey/waka3x/utils/auth.go:68.55,71.16 3 0
github.com/zetkey/waka3x/utils/auth.go:71.16,73.3 1 0
github.com/zetkey/waka3x/utils/auth.go:74.2,74.16 1 0
github.com/zetkey/waka3x/utils/auth.go:77.57,81.2 3 0
github.com/zetkey/waka3x/utils/auth.go:83.57,86.29 3 0
github.com/zetkey/waka3x/utils/auth.go:86.29,88.3 1 0
github.com/zetkey/waka3x/utils/auth.go:89.2,90.16 2 0
github.com/zetkey/waka3x/utils/auth.go:90.16,92.3 1 0
github.com/zetkey/waka3x/utils/auth.go:93.2,93.16 1 0
github.com/zetkey/waka3x/utils/collection.go:7.52,8.28 1 0
github.com/zetkey/waka3x/utils/collection.go:8.28,10.3 1 0
github.com/zetkey/waka3x/utils/collection.go:11.2,11.26 1 0
github.com/zetkey/waka3x/utils/collection.go:11.26,13.3 1 0
github.com/zetkey/waka3x/utils/collection.go:14.2,14.28 1 0
github.com/zetkey/waka3x/utils/collection.go:17.78,19.22 2 0
github.com/zetkey/waka3x/utils/collection.go:19.22,20.18 1 0
github.com/zetkey/waka3x/utils/collection.go:20.18,22.4 1 0
github.com/zetkey/waka3x/utils/collection.go:23.3,23.12 1 0
github.com/zetkey/waka3x/utils/collection.go:25.2,25.11 1 0
github.com/zetkey/waka3x/utils/color.go:8.41,11.16 2 0
github.com/zetkey/waka3x/utils/color.go:12.9,13.51 1 0
github.com/zetkey/waka3x/utils/color.go:14.9,18.12 4 0
github.com/zetkey/waka3x/utils/color.go:20.2,20.8 1 0
github.com/zetkey/waka3x/utils/color.go:23.37,25.2 1 0
github.com/zetkey/waka3x/utils/color.go:27.70,28.15 1 0
github.com/zetkey/waka3x/utils/color.go:28.15,30.3 1 0
github.com/zetkey/waka3x/utils/color.go:30.8,30.22 1 0
github.com/zetkey/waka3x/utils/color.go:30.22,32.3 1 0
github.com/zetkey/waka3x/utils/color.go:34.2,39.43 5 0
github.com/zetkey/waka3x/utils/cron.go:5.44,7.21 2 0
github.com/zetkey/waka3x/utils/cron.go:7.21,9.3 1 0
github.com/zetkey/waka3x/utils/cron.go:10.2,10.20 1 0
github.com/zetkey/waka3x/utils/date.go:11.26,13.2 1 0
github.com/zetkey/waka3x/utils/date.go:15.52,18.2 2 0
github.com/zetkey/waka3x/utils/date.go:20.48,22.2 1 0
github.com/zetkey/waka3x/utils/date.go:24.77,26.2 1 0
github.com/zetkey/waka3x/utils/date.go:28.52,30.2 1 0
github.com/zetkey/waka3x/utils/date.go:32.51,34.2 1 0
github.com/zetkey/waka3x/utils/date.go:37.41,39.21 2 0
github.com/zetkey/waka3x/utils/date.go:39.21,41.3 1 0
github.com/zetkey/waka3x/utils/date.go:42.2,42.33 1 0
github.com/zetkey/waka3x/utils/date.go:46.67,49.33 2 1
github.com/zetkey/waka3x/utils/date.go:49.33,52.15 2 1
github.com/zetkey/waka3x/utils/date.go:52.15,54.12 2 1
github.com/zetkey/waka3x/utils/date.go:56.3,56.19 1 1
github.com/zetkey/waka3x/utils/date.go:56.19,58.4 1 1
github.com/zetkey/waka3x/utils/date.go:59.3,60.10 2 1
github.com/zetkey/waka3x/utils/date.go:63.2,63.18 1 1
github.com/zetkey/waka3x/utils/date.go:67.36,70.2 2 0
github.com/zetkey/waka3x/utils/date.go:73.57,75.2 1 0
github.com/zetkey/waka3x/utils/date.go:77.48,78.28 1 0
github.com/zetkey/waka3x/utils/date.go:78.28,80.17 2 0
github.com/zetkey/waka3x/utils/date.go:80.17,81.65 1 0
github.com/zetkey/waka3x/utils/date.go:81.65,83.5 1 0
github.com/zetkey/waka3x/utils/date.go:86.2,86.20 1 0
github.com/zetkey/waka3x/utils/date.go:89.42,90.28 1 0
github.com/zetkey/waka3x/utils/date.go:91.52,92.21 1 0
github.com/zetkey/waka3x/utils/date.go:93.53,94.22 1 0
github.com/zetkey/waka3x/utils/date.go:95.55,96.24 1 0
github.com/zetkey/waka3x/utils/date.go:97.54,98.23 1 0
github.com/zetkey/waka3x/utils/date.go:99.52,100.21 1 0
github.com/zetkey/waka3x/utils/date.go:101.54,102.23 1 0
github.com/zetkey/waka3x/utils/date.go:103.52,104.21 1 0
github.com/zetkey/waka3x/utils/date.go:106.2,106.20 1 0
github.com/zetkey/waka3x/utils/db.go:12.34,13.37 1 0
github.com/zetkey/waka3x/utils/db.go:13.37,15.110 2 0
github.com/zetkey/waka3x/utils/db.go:15.110,18.4 2 0
github.com/zetkey/waka3x/utils/db.go:19.3,19.20 1 0
github.com/zetkey/waka3x/utils/db.go:21.2,22.14 2 0
github.com/zetkey/waka3x/utils/db.go:25.39,26.37 1 0
github.com/zetkey/waka3x/utils/db.go:26.37,28.119 2 0
github.com/zetkey/waka3x/utils/db.go:28.119,31.4 2 0
github.com/zetkey/waka3x/utils/db.go:32.3,32.20 1 0
github.com/zetkey/waka3x/utils/db.go:34.2,35.14 2 0
github.com/zetkey/waka3x/utils/db.go:38.66,39.48 1 0
github.com/zetkey/waka3x/utils/db.go:39.48,41.3 1 0
github.com/zetkey/waka3x/utils/db.go:42.2,42.53 1 0
github.com/zetkey/waka3x/utils/db.go:45.59,46.16 1 0
github.com/zetkey/waka3x/utils/db.go:46.16,48.3 1 0
github.com/zetkey/waka3x/utils/db.go:49.2,49.15 1 0
github.com/zetkey/waka3x/utils/db.go:49.15,51.3 1 0
github.com/zetkey/waka3x/utils/db.go:52.2,52.14 1 0
github.com/zetkey/waka3x/utils/db.go:59.47,61.2 1 0
github.com/zetkey/waka3x/utils/db.go:63.60,65.2 1 0
github.com/zetkey/waka3x/utils/db.go:68.63,72.2 3 0
github.com/zetkey/waka3x/utils/db.go:75.80,77.41 2 0
github.com/zetkey/waka3x/utils/db.go:77.41,79.3 1 0
github.com/zetkey/waka3x/utils/db.go:80.2,80.57 1 0
github.com/zetkey/waka3x/utils/dns.go:9.38,11.21 2 0
github.com/zetkey/waka3x/utils/dns.go:11.21,13.3 1 0
github.com/zetkey/waka3x/utils/dns.go:14.2,15.39 2 0
github.com/zetkey/waka3x/utils/func.go:10.77,11.15 1 0
github.com/zetkey/waka3x/utils/func.go:11.15,12.31 1 0
github.com/zetkey/waka3x/utils/func.go:12.31,16.4 3 0
github.com/zetkey/waka3x/utils/func.go:18.2,19.12 2 0
github.com/zetkey/waka3x/utils/func.go:23.57,24.48 1 0
github.com/zetkey/waka3x/utils/func.go:24.48,26.3 1 0
github.com/zetkey/waka3x/utils/http.go:34.13,36.2 1 1
github.com/zetkey/waka3x/utils/http.go:43.34,44.20 1 0
github.com/zetkey/waka3x/utils/http.go:44.20,46.3 1 0
github.com/zetkey/waka3x/utils/http.go:47.2,47.19 1 0
github.com/zetkey/waka3x/utils/http.go:50.35,51.21 1 0
github.com/zetkey/waka3x/utils/http.go:51.21,53.3 1 0
github.com/zetkey/waka3x/utils/http.go:54.2,54.34 1 0
github.com/zetkey/waka3x/utils/http.go:58.62,60.48 2 0
github.com/zetkey/waka3x/utils/http.go:60.48,62.3 1 0
github.com/zetkey/waka3x/utils/http.go:63.2,63.93 1 0
github.com/zetkey/waka3x/utils/http.go:63.93,64.89 1 0
github.com/zetkey/waka3x/utils/http.go:64.89,66.4 1 0
github.com/zetkey/waka3x/utils/http.go:68.2,68.14 1 0
github.com/zetkey/waka3x/utils/http.go:71.51,75.46 4 0
github.com/zetkey/waka3x/utils/http.go:75.46,77.3 1 0
github.com/zetkey/waka3x/utils/http.go:78.2,78.73 1 0
github.com/zetkey/waka3x/utils/http.go:78.73,80.3 1 0
github.com/zetkey/waka3x/utils/http.go:81.2,81.19 1 0
github.com/zetkey/waka3x/utils/http.go:84.78,86.26 2 0
github.com/zetkey/waka3x/utils/http.go:86.26,88.3 1 0
github.com/zetkey/waka3x/utils/http.go:89.2,89.30 1 0
github.com/zetkey/waka3x/utils/http.go:89.30,91.3 1 0
github.com/zetkey/waka3x/utils/http.go:92.2,92.19 1 0
github.com/zetkey/waka3x/utils/http.go:96.56,98.14 2 1
github.com/zetkey/waka3x/utils/http.go:98.14,100.3 1 1
github.com/zetkey/waka3x/utils/http.go:103.2,103.50 1 1
github.com/zetkey/waka3x/utils/http.go:103.50,109.38 2 1
github.com/zetkey/waka3x/utils/http.go:109.38,112.31 2 1
github.com/zetkey/waka3x/utils/http.go:112.31,114.5 1 1
github.com/zetkey/waka3x/utils/http.go:115.4,115.31 1 1
github.com/zetkey/waka3x/utils/http.go:115.31,117.5 1 1
github.com/zetkey/waka3x/utils/http.go:119.4,120.57 2 1
github.com/zetkey/waka3x/utils/http.go:120.57,122.5 1 1
github.com/zetkey/waka3x/utils/http.go:123.4,123.19 1 1
github.com/zetkey/waka3x/utils/http.go:123.19,125.5 1 1
github.com/zetkey/waka3x/utils/http.go:125.10,125.29 1 1
github.com/zetkey/waka3x/utils/http.go:125.29,127.5 1 1
github.com/zetkey/waka3x/utils/http.go:129.4,130.38 2 1
github.com/zetkey/waka3x/utils/http.go:130.38,133.5 2 1
github.com/zetkey/waka3x/utils/http.go:134.4,136.26 2 1
github.com/zetkey/waka3x/utils/http.go:141.2,141.61 1 1
github.com/zetkey/waka3x/utils/http.go:141.61,142.27 1 1
github.com/zetkey/waka3x/utils/http.go:142.27,144.4 1 1
github.com/zetkey/waka3x/utils/http.go:144.9,144.62 1 1
github.com/zetkey/waka3x/utils/http.go:144.62,146.4 1 1
github.com/zetkey/waka3x/utils/http.go:148.2,148.64 1 0
github.com/zetkey/waka3x/utils/http.go:151.76,152.16 1 0
github.com/zetkey/waka3x/utils/http.go:152.16,154.3 1 0
github.com/zetkey/waka3x/utils/http.go:155.2,155.27 1 0
github.com/zetkey/waka3x/utils/http.go:155.27,158.100 3 0
github.com/zetkey/waka3x/utils/http.go:158.100,163.4 4 0
github.com/zetkey/waka3x/utils/http.go:164.3,164.139 1 0
github.com/zetkey/waka3x/utils/http.go:166.2,166.17 1 0
github.com/zetkey/waka3x/utils/http.go:170.39,171.20 1 1
github.com/zetkey/waka3x/utils/http.go:171.20,173.3 1 0
github.com/zetkey/waka3x/utils/http.go:175.2,177.36 2 1
github.com/zetkey/waka3x/utils/http.go:177.36,183.3 5 1
github.com/zetkey/waka3x/utils/http.go:185.2,185.68 1 1
github.com/zetkey/waka3x/utils/http.go:185.68,188.50 3 1
github.com/zetkey/waka3x/utils/http.go:188.50,190.4 1 1
github.com/zetkey/waka3x/utils/http.go:193.2,193.11 1 1
github.com/zetkey/waka3x/utils/http.go:196.54,198.28 1 1
github.com/zetkey/waka3x/utils/http.go:198.28,199.69 1 1
github.com/zetkey/waka3x/utils/http.go:199.69,201.4 1 1
github.com/zetkey/waka3x/utils/http.go:204.2,208.34 3 1
github.com/zetkey/waka3x/utils/http.go:208.34,210.32 2 1
github.com/zetkey/waka3x/utils/http.go:210.32,211.12 1 1
github.com/zetkey/waka3x/utils/http.go:214.3,217.70 3 1
github.com/zetkey/waka3x/utils/http.go:217.70,218.12 1 1
github.com/zetkey/waka3x/utils/http.go:221.3,221.27 1 1
github.com/zetkey/waka3x/utils/http.go:221.27,222.12 1 0
github.com/zetkey/waka3x/utils/http.go:226.3,226.48 1 1
github.com/zetkey/waka3x/utils/http.go:226.48,228.52 2 1
github.com/zetkey/waka3x/utils/http.go:228.52,230.5 1 1
github.com/zetkey/waka3x/utils/http.go:231.4,231.12 1 1
github.com/zetkey/waka3x/utils/http.go:234.3,234.26 1 1
github.com/zetkey/waka3x/utils/http.go:234.26,236.4 1 1
github.com/zetkey/waka3x/utils/http.go:239.2,239.84 1 1
github.com/zetkey/waka3x/utils/http.go:243.39,244.48 1 1
github.com/zetkey/waka3x/utils/http.go:244.48,246.3 1 0
github.com/zetkey/waka3x/utils/http.go:247.2,247.91 1 1
github.com/zetkey/waka3x/utils/http.go:247.91,249.3 1 0
github.com/zetkey/waka3x/utils/http.go:250.2,250.87 1 1
github.com/zetkey/waka3x/utils/http.go:250.87,252.3 1 0
github.com/zetkey/waka3x/utils/http.go:253.2,253.14 1 1
github.com/zetkey/waka3x/utils/http.go:256.27,258.2 1 1
github.com/zetkey/waka3x/utils/json.go:12.75,18.62 2 0
github.com/zetkey/waka3x/utils/json.go:18.62,20.3 1 0
github.com/zetkey/waka3x/utils/json.go:22.2,22.29 1 0
github.com/zetkey/waka3x/utils/json.go:22.29,24.3 1 0
github.com/zetkey/waka3x/utils/json.go:26.2,26.72 1 0
github.com/zetkey/waka3x/utils/json.go:26.72,28.3 1 0
github.com/zetkey/waka3x/utils/json.go:29.2,29.70 1 0
github.com/zetkey/waka3x/utils/json.go:29.70,31.3 1 0
github.com/zetkey/waka3x/utils/json.go:33.2,33.20 1 0
github.com/zetkey/waka3x/utils/net.go:8.51,10.2 1 0
github.com/zetkey/waka3x/utils/net.go:12.69,14.2 1 0
github.com/zetkey/waka3x/utils/random.go:11.58,13.54 2 0
github.com/zetkey/waka3x/utils/random.go:13.54,15.3 1 0
github.com/zetkey/waka3x/utils/random.go:16.2,16.59 1 0
github.com/zetkey/waka3x/utils/random.go:19.48,21.16 2 0
github.com/zetkey/waka3x/utils/random.go:21.16,23.3 1 0
github.com/zetkey/waka3x/utils/random.go:24.2,26.16 3 0
github.com/zetkey/waka3x/utils/random.go:26.16,28.3 1 0
github.com/zetkey/waka3x/utils/random.go:29.2,29.25 1 0
github.com/zetkey/waka3x/utils/strings.go:7.58,8.49 1 0
github.com/zetkey/waka3x/utils/strings.go:8.49,9.32 1 0
github.com/zetkey/waka3x/utils/strings.go:9.32,10.22 1 0
github.com/zetkey/waka3x/utils/strings.go:10.22,12.5 1 0
github.com/zetkey/waka3x/utils/strings.go:14.3,14.15 1 0
github.com/zetkey/waka3x/utils/strings.go:18.77,19.29 1 0
github.com/zetkey/waka3x/utils/strings.go:19.29,20.18 1 0
github.com/zetkey/waka3x/utils/strings.go:20.18,22.4 1 0
github.com/zetkey/waka3x/utils/strings.go:24.2,24.19 1 0
github.com/zetkey/waka3x/utils/sync.go:11.66,13.12 2 0
github.com/zetkey/waka3x/utils/sync.go:13.12,16.3 2 0
github.com/zetkey/waka3x/utils/sync.go:17.2,17.9 1 0
github.com/zetkey/waka3x/utils/sync.go:18.11,19.15 1 0
github.com/zetkey/waka3x/utils/sync.go:20.29,21.14 1 0
github.com/zetkey/waka3x/utils/system.go:8.20,10.2 1 0
github.com/zetkey/waka3x/utils/system.go:12.21,14.2 1 0
github.com/zetkey/waka3x/utils/template.go:13.41,15.16 2 0
github.com/zetkey/waka3x/utils/template.go:15.16,17.3 1 0
github.com/zetkey/waka3x/utils/template.go:18.2,18.23 1 0
github.com/zetkey/waka3x/utils/template.go:21.37,22.30 1 0
github.com/zetkey/waka3x/utils/template.go:22.30,24.3 1 0
github.com/zetkey/waka3x/utils/template.go:25.2,25.10 1 0
github.com/zetkey/waka3x/utils/template.go:28.83,33.16 4 0
github.com/zetkey/waka3x/utils/template.go:33.16,35.3 1 0
github.com/zetkey/waka3x/utils/template.go:37.2,37.29 1 0
github.com/zetkey/waka3x/utils/template.go:37.29,39.51 2 0
github.com/zetkey/waka3x/utils/template.go:39.51,40.12 1 0
github.com/zetkey/waka3x/utils/template.go:43.3,44.17 2 0
github.com/zetkey/waka3x/utils/template.go:44.17,46.4 1 0
github.com/zetkey/waka3x/utils/template.go:47.3,48.17 2 0
github.com/zetkey/waka3x/utils/template.go:48.17,50.4 1 0
github.com/zetkey/waka3x/utils/template.go:52.3,55.17 3 0
github.com/zetkey/waka3x/utils/template.go:55.17,57.4 1 0
github.com/zetkey/waka3x/utils/template.go:59.3,59.27 1 0
github.com/zetkey/waka3x/utils/template.go:62.2,62.23 1 0
github.com/zetkey/waka3x/models/alias.go:20.32,25.2 1 0
github.com/zetkey/waka3x/models/alias.go:27.37,28.35 1 0
github.com/zetkey/waka3x/models/alias.go:28.35,29.18 1 0
github.com/zetkey/waka3x/models/alias.go:29.18,31.4 1 0
github.com/zetkey/waka3x/models/alias.go:33.2,33.14 1 0
github.com/zetkey/waka3x/models/alias.go:36.41,37.72 1 0
github.com/zetkey/waka3x/models/alias.go:37.72,39.3 1 0
github.com/zetkey/waka3x/models/alias.go:40.2,43.20 4 0
github.com/zetkey/waka3x/models/api_key.go:11.33,13.2 1 0
github.com/zetkey/waka3x/models/canonical_names.go:16.19,23.2 2 0
github.com/zetkey/waka3x/models/canonical_names.go:25.59,26.27 1 0
github.com/zetkey/waka3x/models/canonical_names.go:26.27,28.3 1 0
github.com/zetkey/waka3x/models/canonical_names.go:30.2,30.46 1 0
github.com/zetkey/waka3x/models/canonical_names.go:30.46,32.3 1 0
github.com/zetkey/waka3x/models/canonical_names.go:34.2,35.64 2 0
github.com/zetkey/waka3x/models/canonical_names.go:35.64,37.3 1 0
github.com/zetkey/waka3x/models/canonical_names.go:39.2,39.34 1 0
github.com/zetkey/waka3x/models/duration.go:38.40,40.2 1 0
github.com/zetkey/waka3x/models/duration.go:42.75,43.23 1 0
github.com/zetkey/waka3x/models/duration.go:43.23,45.3 1 0
github.com/zetkey/waka3x/models/duration.go:46.2,52.35 1 0
github.com/zetkey/waka3x/models/duration.go:52.35,54.3 1 0
github.com/zetkey/waka3x/models/duration.go:55.2,55.18 1 0
github.com/zetkey/waka3x/models/duration.go:58.55,60.53 2 0
github.com/zetkey/waka3x/models/duration.go:60.53,62.3 1 0
github.com/zetkey/waka3x/models/duration.go:64.2,65.57 2 0
github.com/zetkey/waka3x/models/duration.go:65.57,67.3 1 0
github.com/zetkey/waka3x/models/duration.go:69.2,71.26 3 0
github.com/zetkey/waka3x/models/duration.go:71.26,76.3 2 0
github.com/zetkey/waka3x/models/duration.go:78.2,94.10 2 0
github.com/zetkey/waka3x/models/duration.go:97.50,100.2 2 0
github.com/zetkey/waka3x/models/duration.go:102.66,105.2 2 0
github.com/zetkey/waka3x/models/duration.go:107.39,109.16 2 0
github.com/zetkey/waka3x/models/duration.go:109.16,111.3 1 0
github.com/zetkey/waka3x/models/duration.go:112.2,113.10 2 0
github.com/zetkey/waka3x/models/duration.go:116.76,118.48 2 0
github.com/zetkey/waka3x/models/duration.go:118.48,122.109 1 0
github.com/zetkey/waka3x/models/duration.go:122.109,125.4 2 0
github.com/zetkey/waka3x/models/duration.go:127.2,127.10 1 0
github.com/zetkey/waka3x/models/duration.go:130.49,131.11 1 0
github.com/zetkey/waka3x/models/duration.go:132.22,133.18 1 0
github.com/zetkey/waka3x/models/duration.go:134.21,135.17 1 0
github.com/zetkey/waka3x/models/duration.go:136.23,137.19 1 0
github.com/zetkey/waka3x/models/duration.go:138.17,139.26 1 0
github.com/zetkey/waka3x/models/duration.go:140.22,141.18 1 0
github.com/zetkey/waka3x/models/duration.go:142.21,143.17 1 0
github.com/zetkey/waka3x/models/duration.go:144.21,145.17 1 0
github.com/zetkey/waka3x/models/duration.go:146.23,147.19 1 0
github.com/zetkey/waka3x/models/duration.go:150.2,150.15 1 0
github.com/zetkey/waka3x/models/duration.go:150.15,152.3 1 0
github.com/zetkey/waka3x/models/duration.go:154.2,154.12 1 0
github.com/zetkey/waka3x/models/durations.go:7.30,9.2 1 0
github.com/zetkey/waka3x/models/durations.go:11.40,13.2 1 0
github.com/zetkey/waka3x/models/durations.go:15.35,17.2 1 0
github.com/zetkey/waka3x/models/durations.go:19.45,21.22 2 0
github.com/zetkey/waka3x/models/durations.go:21.22,23.3 1 0
github.com/zetkey/waka3x/models/durations.go:24.2,24.14 1 0
github.com/zetkey/waka3x/models/durations.go:27.39,30.2 2 0
github.com/zetkey/waka3x/models/durations.go:32.39,34.18 1 0
github.com/zetkey/waka3x/models/durations.go:34.18,36.3 1 0
github.com/zetkey/waka3x/models/durations.go:37.2,37.16 1 0
github.com/zetkey/waka3x/models/durations.go:40.38,42.18 1 0
github.com/zetkey/waka3x/models/durations.go:42.18,44.3 1 0
github.com/zetkey/waka3x/models/durations.go:45.2,45.24 1 0
github.com/zetkey/waka3x/models/durations.go:48.76,49.25 1 0
github.com/zetkey/waka3x/models/durations.go:49.25,51.3 1 0
github.com/zetkey/waka3x/models/durations.go:52.2,52.10 1 0
github.com/zetkey/waka3x/models/filters.go:29.33,31.2 1 1
github.com/zetkey/waka3x/models/filters.go:33.48,34.22 1 1
github.com/zetkey/waka3x/models/filters.go:34.22,35.48 1 1
github.com/zetkey/waka3x/models/filters.go:35.48,37.4 1 1
github.com/zetkey/waka3x/models/filters.go:39.2,39.14 1 1
github.com/zetkey/waka3x/models/filters.go:47.56,49.2 1 1
github.com/zetkey/waka3x/models/filters.go:51.66,54.2 2 1
github.com/zetkey/waka3x/models/filters.go:56.59,58.2 1 1
github.com/zetkey/waka3x/models/filters.go:60.53,63.33 1 0
github.com/zetkey/waka3x/models/filters.go:63.33,65.3 1 0
github.com/zetkey/waka3x/models/filters.go:66.2,66.10 1 0
github.com/zetkey/waka3x/models/filters.go:69.70,70.16 1 1
github.com/zetkey/waka3x/models/filters.go:71.22,72.41 1 1
github.com/zetkey/waka3x/models/filters.go:73.17,74.31 1 0
github.com/zetkey/waka3x/models/filters.go:75.23,76.43 1 1
github.com/zetkey/waka3x/models/filters.go:77.21,78.39 1 0
github.com/zetkey/waka3x/models/filters.go:79.22,80.41 1 0
github.com/zetkey/waka3x/models/filters.go:81.20,82.37 1 1
github.com/zetkey/waka3x/models/filters.go:83.21,84.39 1 0
github.com/zetkey/waka3x/models/filters.go:85.21,86.39 1 0
github.com/zetkey/waka3x/models/filters.go:87.23,88.43 1 0
github.com/zetkey/waka3x/models/filters.go:90.2,90.10 1 1
github.com/zetkey/waka3x/models/filters.go:93.49,94.44 1 1
github.com/zetkey/waka3x/models/filters.go:94.44,96.3 1 1
github.com/zetkey/waka3x/models/filters.go:96.8,96.41 1 1
github.com/zetkey/waka3x/models/filters.go:96.41,98.3 1 0
github.com/zetkey/waka3x/models/filters.go:98.8,98.53 1 1
github.com/zetkey/waka3x/models/filters.go:98.53,100.3 1 1
github.com/zetkey/waka3x/models/filters.go:100.8,100.49 1 1
github.com/zetkey/waka3x/models/filters.go:100.49,102.3 1 0
github.com/zetkey/waka3x/models/filters.go:102.8,102.51 1 1
github.com/zetkey/waka3x/models/filters.go:102.51,104.3 1 0
github.com/zetkey/waka3x/models/filters.go:104.8,104.47 1 1
github.com/zetkey/waka3x/models/filters.go:104.47,106.3 1 0
github.com/zetkey/waka3x/models/filters.go:106.8,106.49 1 1
github.com/zetkey/waka3x/models/filters.go:106.49,108.3 1 0
github.com/zetkey/waka3x/models/filters.go:108.8,108.49 1 1
github.com/zetkey/waka3x/models/filters.go:108.49,110.3 1 0
github.com/zetkey/waka3x/models/filters.go:110.8,110.53 1 1
github.com/zetkey/waka3x/models/filters.go:110.53,112.3 1 0
github.com/zetkey/waka3x/models/filters.go:113.2,113.29 1 1
github.com/zetkey/waka3x/models/filters.go:116.46,117.30 1 1
github.com/zetkey/waka3x/models/filters.go:117.30,119.3 1 1
github.com/zetkey/waka3x/models/filters.go:120.2,120.66 1 0
github.com/zetkey/waka3x/models/filters.go:123.34,126.2 2 1
github.com/zetkey/waka3x/models/filters.go:128.31,130.51 2 0
github.com/zetkey/waka3x/models/filters.go:130.51,132.3 1 0
github.com/zetkey/waka3x/models/filters.go:133.2,133.14 1 0
github.com/zetkey/waka3x/models/filters.go:136.44,138.51 2 0
github.com/zetkey/waka3x/models/filters.go:138.51,139.27 1 0
github.com/zetkey/waka3x/models/filters.go:139.27,141.4 1 0
github.com/zetkey/waka3x/models/filters.go:143.2,143.14 1 0
github.com/zetkey/waka3x/models/filters.go:146.49,148.2 1 1
github.com/zetkey/waka3x/models/filters.go:150.56,151.25 1 1
github.com/zetkey/waka3x/models/filters.go:151.25,153.3 1 1
github.com/zetkey/waka3x/models/filters.go:154.2,154.29 1 1
github.com/zetkey/waka3x/models/filters.go:157.37,159.51 2 1
github.com/zetkey/waka3x/models/filters.go:159.51,160.35 1 1
github.com/zetkey/waka3x/models/filters.go:160.35,162.4 1 1
github.com/zetkey/waka3x/models/filters.go:164.2,164.14 1 1
github.com/zetkey/waka3x/models/filters.go:167.57,168.18 1 1
github.com/zetkey/waka3x/models/filters.go:169.22,170.20 1 1
github.com/zetkey/waka3x/models/filters.go:171.23,172.21 1 1
github.com/zetkey/waka3x/models/filters.go:173.21,174.19 1 1
github.com/zetkey/waka3x/models/filters.go:175.17,176.15 1 1
github.com/zetkey/waka3x/models/filters.go:177.22,178.20 1 1
github.com/zetkey/waka3x/models/filters.go:179.20,180.18 1 1
github.com/zetkey/waka3x/models/filters.go:181.21,182.19 1 1
github.com/zetkey/waka3x/models/filters.go:183.21,184.19 1 1
github.com/zetkey/waka3x/models/filters.go:185.23,186.21 1 0
github.com/zetkey/waka3x/models/filters.go:187.10,188.21 1 0
github.com/zetkey/waka3x/models/filters.go:192.33,194.16 2 0
github.com/zetkey/waka3x/models/filters.go:194.16,196.3 1 0
github.com/zetkey/waka3x/models/filters.go:197.2,197.32 1 0
github.com/zetkey/waka3x/models/filters.go:200.53,207.2 1 1
github.com/zetkey/waka3x/models/filters.go:209.51,216.2 1 0
github.com/zetkey/waka3x/models/filters.go:219.70,220.26 1 1
github.com/zetkey/waka3x/models/filters.go:220.26,222.3 1 0
github.com/zetkey/waka3x/models/filters.go:224.2,224.25 1 1
github.com/zetkey/waka3x/models/filters.go:224.25,226.3 1 1
github.com/zetkey/waka3x/models/filters.go:228.2,228.22 1 1
github.com/zetkey/waka3x/models/filters.go:228.22,230.31 2 1
github.com/zetkey/waka3x/models/filters.go:230.31,233.4 2 1
github.com/zetkey/waka3x/models/filters.go:234.3,235.22 2 1
github.com/zetkey/waka3x/models/filters.go:237.2,237.17 1 1
github.com/zetkey/waka3x/models/filters.go:237.17,239.26 2 0
github.com/zetkey/waka3x/models/filters.go:239.26,242.4 2 0
github.com/zetkey/waka3x/models/filters.go:243.3,244.17 2 0
github.com/zetkey/waka3x/models/filters.go:246.2,246.23 1 1
github.com/zetkey/waka3x/models/filters.go:246.23,248.32 2 1
github.com/zetkey/waka3x/models/filters.go:248.32,251.4 2 1
github.com/zetkey/waka3x/models/filters.go:252.3,253.23 2 1
github.com/zetkey/waka3x/models/filters.go:255.2,255.21 1 1
github.com/zetkey/waka3x/models/filters.go:255.21,257.30 2 0
github.com/zetkey/waka3x/models/filters.go:257.30,260.4 2 0
github.com/zetkey/waka3x/models/filters.go:261.3,262.21 2 0
github.com/zetkey/waka3x/models/filters.go:264.2,264.22 1 1
github.com/zetkey/waka3x/models/filters.go:264.22,266.31 2 0
github.com/zetkey/waka3x/models/filters.go:266.31,269.4 2 0
github.com/zetkey/waka3x/models/filters.go:270.3,271.22 2 0
github.com/zetkey/waka3x/models/filters.go:273.2,273.21 1 1
github.com/zetkey/waka3x/models/filters.go:273.21,275.30 2 0
github.com/zetkey/waka3x/models/filters.go:275.30,278.4 2 0
github.com/zetkey/waka3x/models/filters.go:279.3,280.21 2 0
github.com/zetkey/waka3x/models/filters.go:282.2,282.23 1 1
github.com/zetkey/waka3x/models/filters.go:282.23,284.32 2 0
github.com/zetkey/waka3x/models/filters.go:284.32,287.4 2 0
github.com/zetkey/waka3x/models/filters.go:288.3,289.23 2 0
github.com/zetkey/waka3x/models/filters.go:293.2,294.10 2 1
github.com/zetkey/waka3x/models/filters.go:297.83,298.71 1 1
github.com/zetkey/waka3x/models/filters.go:298.71,300.3 1 0
github.com/zetkey/waka3x/models/filters.go:301.2,301.28 1 1
github.com/zetkey/waka3x/models/filters.go:301.28,303.3 1 1
github.com/zetkey/waka3x/models/filters.go:304.2,305.10 2 1
github.com/zetkey/waka3x/models/filters.go:308.43,310.2 1 0
github.com/zetkey/waka3x/models/heartbeat.go:51.34,53.2 1 1
github.com/zetkey/waka3x/models/heartbeat.go:55.55,58.2 2 0
github.com/zetkey/waka3x/models/heartbeat.go:60.43,64.22 4 0
github.com/zetkey/waka3x/models/heartbeat.go:64.22,65.44 1 0
github.com/zetkey/waka3x/models/heartbeat.go:65.44,67.4 1 0
github.com/zetkey/waka3x/models/heartbeat.go:67.9,67.50 1 0
github.com/zetkey/waka3x/models/heartbeat.go:67.50,69.4 1 0
github.com/zetkey/waka3x/models/heartbeat.go:72.2,72.10 1 0
github.com/zetkey/waka3x/models/heartbeat.go:75.65,77.46 2 1
github.com/zetkey/waka3x/models/heartbeat.go:77.46,78.108 1 1
github.com/zetkey/waka3x/models/heartbeat.go:78.108,81.4 2 1
github.com/zetkey/waka3x/models/heartbeat.go:85.50,86.11 1 1
github.com/zetkey/waka3x/models/heartbeat.go:87.22,88.18 1 1
github.com/zetkey/waka3x/models/heartbeat.go:89.21,90.17 1 1
github.com/zetkey/waka3x/models/heartbeat.go:91.23,92.19 1 1
github.com/zetkey/waka3x/models/heartbeat.go:93.17,94.26 1 1
github.com/zetkey/waka3x/models/heartbeat.go:95.22,96.18 1 1
github.com/zetkey/waka3x/models/heartbeat.go:97.21,98.17 1 0
github.com/zetkey/waka3x/models/heartbeat.go:99.21,100.17 1 0
github.com/zetkey/waka3x/models/heartbeat.go:101.23,102.19 1 1
github.com/zetkey/waka3x/models/heartbeat.go:105.2,105.15 1 1
github.com/zetkey/waka3x/models/heartbeat.go:105.15,107.3 1 1
github.com/zetkey/waka3x/models/heartbeat.go:109.2,109.12 1 1
github.com/zetkey/waka3x/models/heartbeat.go:112.48,114.2 1 0
github.com/zetkey/waka3x/models/heartbeat.go:116.49,118.2 1 0
github.com/zetkey/waka3x/models/heartbeat.go:120.50,122.2 1 0
github.com/zetkey/waka3x/models/heartbeat.go:124.43,126.2 1 0
github.com/zetkey/waka3x/models/heartbeat.go:128.41,129.29 1 0
github.com/zetkey/waka3x/models/heartbeat.go:129.29,131.3 1 0
github.com/zetkey/waka3x/models/heartbeat.go:132.2,132.30 1 0
github.com/zetkey/waka3x/models/heartbeat.go:132.30,134.3 1 0
github.com/zetkey/waka3x/models/heartbeat.go:135.2,135.31 1 0
github.com/zetkey/waka3x/models/heartbeat.go:135.31,137.3 1 0
github.com/zetkey/waka3x/models/heartbeat.go:140.37,156.2 1 0
github.com/zetkey/waka3x/models/heartbeat.go:164.41,166.16 2 1
github.com/zetkey/waka3x/models/heartbeat.go:166.16,168.3 1 0
github.com/zetkey/waka3x/models/heartbeat.go:169.2,170.10 2 1
github.com/zetkey/waka3x/models/heartbeat.go:173.38,185.2 1 0
github.com/zetkey/waka3x/models/heartbeats.go:7.31,9.2 1 0
github.com/zetkey/waka3x/models/heartbeats.go:11.41,13.2 1 0
github.com/zetkey/waka3x/models/heartbeats.go:15.36,17.2 1 0
github.com/zetkey/waka3x/models/heartbeats.go:19.43,22.2 2 0
github.com/zetkey/waka3x/models/heartbeats.go:24.41,26.18 1 0
github.com/zetkey/waka3x/models/heartbeats.go:26.18,28.3 1 0
github.com/zetkey/waka3x/models/heartbeats.go:29.2,29.16 1 0
github.com/zetkey/waka3x/models/heartbeats.go:32.40,34.18 1 0
github.com/zetkey/waka3x/models/heartbeats.go:34.18,36.3 1 0
github.com/zetkey/waka3x/models/heartbeats.go:37.2,37.24 1 0
github.com/zetkey/waka3x/models/interval.go:47.47,48.23 1 0
github.com/zetkey/waka3x/models/interval.go:48.23,49.13 1 0
github.com/zetkey/waka3x/models/interval.go:49.13,51.4 1 0
github.com/zetkey/waka3x/models/interval.go:53.2,53.14 1 0
github.com/zetkey/waka3x/models/interval.go:56.49,57.23 1 0
github.com/zetkey/waka3x/models/interval.go:57.23,58.34 1 0
github.com/zetkey/waka3x/models/interval.go:58.34,60.4 1 0
github.com/zetkey/waka3x/models/interval.go:62.2,62.11 1 0
github.com/zetkey/waka3x/models/language_mapping.go:11.42,13.2 1 0
github.com/zetkey/waka3x/models/language_mapping.go:15.51,17.2 1 0
github.com/zetkey/waka3x/models/language_mapping.go:19.52,21.2 1 0
github.com/zetkey/waka3x/models/leaderboard.go:28.73,30.2 1 0
github.com/zetkey/waka3x/models/leaderboard.go:39.56,40.103 1 0
github.com/zetkey/waka3x/models/leaderboard.go:40.103,42.3 1 0
github.com/zetkey/waka3x/models/leaderboard.go:42.13,44.3 1 0
github.com/zetkey/waka3x/models/leaderboard.go:47.63,48.29 1 0
github.com/zetkey/waka3x/models/leaderboard.go:48.29,50.3 1 0
github.com/zetkey/waka3x/models/leaderboard.go:54.37,55.94 1 0
github.com/zetkey/waka3x/models/leaderboard.go:55.94,57.3 1 0
github.com/zetkey/waka3x/models/leaderboard.go:60.41,61.123 1 0
github.com/zetkey/waka3x/models/leaderboard.go:61.123,63.3 1 0
github.com/zetkey/waka3x/models/leaderboard.go:66.50,68.2 1 0
github.com/zetkey/waka3x/models/leaderboard.go:71.60,72.109 1 0
github.com/zetkey/waka3x/models/leaderboard.go:72.109,74.3 1 0
github.com/zetkey/waka3x/models/leaderboard.go:75.2,75.15 1 0
github.com/zetkey/waka3x/models/leaderboard.go:78.65,79.95 1 0
github.com/zetkey/waka3x/models/leaderboard.go:79.95,81.3 1 0
github.com/zetkey/waka3x/models/leaderboard.go:84.49,85.114 1 0
github.com/zetkey/waka3x/models/leaderboard.go:85.114,87.3 1 0
github.com/zetkey/waka3x/models/leaderboard.go:90.68,93.25 2 0
github.com/zetkey/waka3x/models/leaderboard.go:93.25,94.58 1 0
github.com/zetkey/waka3x/models/leaderboard.go:94.58,95.12 1 0
github.com/zetkey/waka3x/models/leaderboard.go:97.3,98.38 2 0
github.com/zetkey/waka3x/models/leaderboard.go:98.38,100.4 1 0
github.com/zetkey/waka3x/models/leaderboard.go:101.3,101.40 1 0
github.com/zetkey/waka3x/models/leaderboard.go:104.2,104.184 1 0
github.com/zetkey/waka3x/models/leaderboard.go:104.184,106.3 1 0
github.com/zetkey/waka3x/models/leaderboard.go:107.2,107.67 1 0
github.com/zetkey/waka3x/models/leaderboard.go:107.67,109.3 1 0
github.com/zetkey/waka3x/models/leaderboard.go:111.2,111.15 1 0
github.com/zetkey/waka3x/models/leaderboard.go:114.70,115.128 1 0
github.com/zetkey/waka3x/models/leaderboard.go:115.128,117.3 1 0
github.com/zetkey/waka3x/models/leaderboard.go:120.89,121.107 1 0
github.com/zetkey/waka3x/models/leaderboard.go:121.107,123.3 1 0
github.com/zetkey/waka3x/models/leaderboard.go:126.45,128.25 2 0
github.com/zetkey/waka3x/models/leaderboard.go:128.25,129.43 1 0
github.com/zetkey/waka3x/models/leaderboard.go:129.43,131.4 1 0
github.com/zetkey/waka3x/models/leaderboard.go:133.2,133.19 1 0
github.com/zetkey/waka3x/models/mail.go:25.44,29.2 3 0
github.com/zetkey/waka3x/models/mail.go:31.44,35.2 3 0
github.com/zetkey/waka3x/models/mail.go:37.34,38.18 1 0
github.com/zetkey/waka3x/models/mail.go:38.18,40.3 1 0
github.com/zetkey/waka3x/models/mail.go:41.2,41.21 1 0
github.com/zetkey/waka3x/models/mail.go:41.21,43.3 1 0
github.com/zetkey/waka3x/models/mail.go:44.2,44.23 1 0
github.com/zetkey/waka3x/models/mail.go:44.23,46.3 1 0
github.com/zetkey/waka3x/models/mail.go:47.2,47.10 1 0
github.com/zetkey/waka3x/models/mail.go:50.32,67.29 2 0
github.com/zetkey/waka3x/models/mail.go:67.29,69.3 1 0
github.com/zetkey/waka3x/models/mail.go:71.2,71.56 1 0
github.com/zetkey/waka3x/models/mail.go:74.41,76.2 1 0
github.com/zetkey/waka3x/models/mail_address.go:18.13,21.2 2 1
github.com/zetkey/waka3x/models/mail_address.go:27.38,29.2 1 0
github.com/zetkey/waka3x/models/mail_address.go:31.35,33.21 2 1
github.com/zetkey/waka3x/models/mail_address.go:33.21,34.21 1 1
github.com/zetkey/waka3x/models/mail_address.go:34.21,36.4 1 1
github.com/zetkey/waka3x/models/mail_address.go:37.3,37.18 1 1
github.com/zetkey/waka3x/models/mail_address.go:39.2,39.11 1 1
github.com/zetkey/waka3x/models/mail_address.go:42.38,44.21 2 0
github.com/zetkey/waka3x/models/mail_address.go:44.21,46.3 1 0
github.com/zetkey/waka3x/models/mail_address.go:47.2,47.17 1 0
github.com/zetkey/waka3x/models/mail_address.go:50.35,52.2 1 1
github.com/zetkey/waka3x/models/mail_address.go:54.43,56.22 2 0
github.com/zetkey/waka3x/models/mail_address.go:56.22,58.3 1 0
[...]
github.com/zetkey/waka3x/migrations/20251005-drop_duplicate_emails.go:13.50,14.24 1 0
github.com/zetkey/waka3x/migrations/20251005-drop_duplicate_emails.go:14.24,16.5 1 0
github.com/zetkey/waka3x/migrations/20251005-drop_duplicate_emails.go:19.4,25.43 2 0
github.com/zetkey/waka3x/migrations/20251005-drop_duplicate_emails.go:25.43,27.5 1 0
github.com/zetkey/waka3x/migrations/20251005-drop_duplicate_emails.go:29.4,30.14 2 0
github.com/zetkey/waka3x/migrations/20251005-drop_duplicate_emails.go:34.2,34.26 1 0
github.com/zetkey/waka3x/migrations/20260103_add_webauthn_fields.go:10.13,15.50 2 0
github.com/zetkey/waka3x/migrations/20260103_add_webauthn_fields.go:15.50,16.24 1 0
github.com/zetkey/waka3x/migrations/20260103_add_webauthn_fields.go:16.24,18.5 1 0
github.com/zetkey/waka3x/migrations/20260103_add_webauthn_fields.go:20.4,21.97 2 0
github.com/zetkey/waka3x/migrations/20260103_add_webauthn_fields.go:21.97,23.5 1 0
github.com/zetkey/waka3x/migrations/20260103_add_webauthn_fields.go:25.4,25.28 1 0
github.com/zetkey/waka3x/migrations/20260103_add_webauthn_fields.go:25.28,27.81 2 0
github.com/zetkey/waka3x/migrations/20260103_add_webauthn_fields.go:27.81,29.6 1 0
github.com/zetkey/waka3x/migrations/20260103_add_webauthn_fields.go:32.4,33.14 2 0
github.com/zetkey/waka3x/migrations/20260103_add_webauthn_fields.go:37.2,37.26 1 0
github.com/zetkey/waka3x/migrations/20260111_sqlite_real_valued_time_column_durations.go:16.13,22.50 2 0
github.com/zetkey/waka3x/migrations/20260111_sqlite_real_valued_time_column_durations.go:22.50,23.24 1 0
github.com/zetkey/waka3x/migrations/20260111_sqlite_real_valued_time_column_durations.go:23.24,25.5 1 0
github.com/zetkey/waka3x/migrations/20260111_sqlite_real_valued_time_column_durations.go:27.4,27.26 1 0
github.com/zetkey/waka3x/migrations/20260111_sqlite_real_valued_time_column_durations.go:27.26,29.5 1 0
github.com/zetkey/waka3x/migrations/20260111_sqlite_real_valued_time_column_durations.go:31.4,31.53 1 0
github.com/zetkey/waka3x/migrations/20260111_sqlite_real_valued_time_column_durations.go:31.53,34.19 2 0
github.com/zetkey/waka3x/migrations/20260111_sqlite_real_valued_time_column_durations.go:34.19,36.6 1 0
github.com/zetkey/waka3x/migrations/20260111_sqlite_real_valued_time_column_durations.go:37.5,37.35 1 0
github.com/zetkey/waka3x/migrations/20260111_sqlite_real_valued_time_column_durations.go:37.35,38.86 1 0
github.com/zetkey/waka3x/migrations/20260111_sqlite_real_valued_time_column_durations.go:38.86,40.7 1 0
github.com/zetkey/waka3x/migrations/20260111_sqlite_real_valued_time_column_durations.go:44.5,47.84 4 0
github.com/zetkey/waka3x/migrations/20260111_sqlite_real_valued_time_column_durations.go:47.84,49.6 1 0
github.com/zetkey/waka3x/migrations/20260111_sqlite_real_valued_time_column_durations.go:50.5,50.28 1 0
github.com/zetkey/waka3x/migrations/20260111_sqlite_real_valued_time_column_durations.go:50.28,52.6 1 0
github.com/zetkey/waka3x/migrations/20260111_sqlite_real_valued_time_column_durations.go:55.5,56.134 2 0
github.com/zetkey/waka3x/migrations/20260111_sqlite_real_valued_time_column_durations.go:56.134,58.6 1 0
github.com/zetkey/waka3x/migrations/20260111_sqlite_real_valued_time_column_durations.go:59.5,64.26 5 0
github.com/zetkey/waka3x/migrations/20260111_sqlite_real_valued_time_column_durations.go:64.26,66.6 1 0
github.com/zetkey/waka3x/migrations/20260111_sqlite_real_valued_time_column_durations.go:68.5,71.52 3 0
github.com/zetkey/waka3x/migrations/20260111_sqlite_real_valued_time_column_durations.go:71.52,73.6 1 0
github.com/zetkey/waka3x/migrations/20260111_sqlite_real_valued_time_column_durations.go:76.5,77.137 2 0
github.com/zetkey/waka3x/migrations/20260111_sqlite_real_valued_time_column_durations.go:77.137,79.6 1 0
github.com/zetkey/waka3x/migrations/20260111_sqlite_real_valued_time_column_durations.go:82.5,82.65 1 0
github.com/zetkey/waka3x/migrations/20260111_sqlite_real_valued_time_column_durations.go:82.65,84.6 1 0
github.com/zetkey/waka3x/migrations/20260111_sqlite_real_valued_time_column_durations.go:85.5,85.90 1 0
github.com/zetkey/waka3x/migrations/20260111_sqlite_real_valued_time_column_durations.go:85.90,87.6 1 0
github.com/zetkey/waka3x/migrations/20260111_sqlite_real_valued_time_column_durations.go:90.5,90.104 1 0
github.com/zetkey/waka3x/migrations/20260111_sqlite_real_valued_time_column_durations.go:90.104,92.6 1 0
github.com/zetkey/waka3x/migrations/20260111_sqlite_real_valued_time_column_durations.go:93.5,93.118 1 0
github.com/zetkey/waka3x/migrations/20260111_sqlite_real_valued_time_column_durations.go:93.118,95.6 1 0
github.com/zetkey/waka3x/migrations/20260111_sqlite_real_valued_time_column_durations.go:98.5,98.73 1 0
github.com/zetkey/waka3x/migrations/20260111_sqlite_real_valued_time_column_durations.go:98.73,100.6 1 0
github.com/zetkey/waka3x/migrations/20260111_sqlite_real_valued_time_column_durations.go:102.5,102.15 1 0
github.com/zetkey/waka3x/migrations/20260111_sqlite_real_valued_time_column_durations.go:103.19,105.5 1 0
github.com/zetkey/waka3x/migrations/20260111_sqlite_real_valued_time_column_durations.go:107.4,108.14 2 0
github.com/zetkey/waka3x/migrations/20260111_sqlite_real_valued_time_column_durations.go:112.2,112.26 1 0
github.com/zetkey/waka3x/migrations/20260111_sqlite_real_valued_time_column_heartbeats.go:16.13,22.50 2 0
github.com/zetkey/waka3x/migrations/20260111_sqlite_real_valued_time_column_heartbeats.go:22.50,23.24 1 0
github.com/zetkey/waka3x/migrations/20260111_sqlite_real_valued_time_column_heartbeats.go:23.24,25.5 1 0
github.com/zetkey/waka3x/migrations/20260111_sqlite_real_valued_time_column_heartbeats.go:27.4,27.26 1 0
github.com/zetkey/waka3x/migrations/20260111_sqlite_real_valued_time_column_heartbeats.go:27.26,29.5 1 0
github.com/zetkey/waka3x/migrations/20260111_sqlite_real_valued_time_column_heartbeats.go:31.4,31.53 1 0
github.com/zetkey/waka3x/migrations/20260111_sqlite_real_valued_time_column_heartbeats.go:31.53,35.24 2 0
github.com/zetkey/waka3x/migrations/20260111_sqlite_real_valued_time_column_heartbeats.go:35.24,37.6 1 0
github.com/zetkey/waka3x/migrations/20260111_sqlite_real_valued_time_column_heartbeats.go:38.5,38.24 1 0
github.com/zetkey/waka3x/migrations/20260111_sqlite_real_valued_time_column_heartbeats.go:38.24,39.76 1 0
github.com/zetkey/waka3x/migrations/20260111_sqlite_real_valued_time_column_heartbeats.go:39.76,41.7 1 0
github.com/zetkey/waka3x/migrations/20260111_sqlite_real_valued_time_column_heartbeats.go:45.5,46.19 2 0
github.com/zetkey/waka3x/migrations/20260111_sqlite_real_valued_time_column_heartbeats.go:46.19,48.6 1 0
github.com/zetkey/waka3x/migrations/20260111_sqlite_real_valued_time_column_heartbeats.go:49.5,49.35 1 0
github.com/zetkey/waka3x/migrations/20260111_sqlite_real_valued_time_column_heartbeats.go:49.35,50.87 1 0
github.com/zetkey/waka3x/migrations/20260111_sqlite_real_valued_time_column_heartbeats.go:50.87,52.7 1 0
github.com/zetkey/waka3x/migrations/20260111_sqlite_real_valued_time_column_heartbeats.go:56.5,59.85 4 0
github.com/zetkey/waka3x/migrations/20260111_sqlite_real_valued_time_column_heartbeats.go:59.85,61.6 1 0
github.com/zetkey/waka3x/migrations/20260111_sqlite_real_valued_time_column_heartbeats.go:62.5,62.28 1 0
github.com/zetkey/waka3x/migrations/20260111_sqlite_real_valued_time_column_heartbeats.go:62.28,64.6 1 0
github.com/zetkey/waka3x/migrations/20260111_sqlite_real_valued_time_column_heartbeats.go:67.5,68.135 2 0
github.com/zetkey/waka3x/migrations/20260111_sqlite_real_valued_time_column_heartbeats.go:68.135,70.6 1 0
github.com/zetkey/waka3x/migrations/20260111_sqlite_real_valued_time_column_heartbeats.go:71.5,76.26 5 0
github.com/zetkey/waka3x/migrations/20260111_sqlite_real_valued_time_column_heartbeats.go:76.26,78.6 1 0
github.com/zetkey/waka3x/migrations/20260111_sqlite_real_valued_time_column_heartbeats.go:80.5,83.52 3 0
github.com/zetkey/waka3x/migrations/20260111_sqlite_real_valued_time_column_heartbeats.go:83.52,85.6 1 0
github.com/zetkey/waka3x/migrations/20260111_sqlite_real_valued_time_column_heartbeats.go:88.5,89.139 2 0
github.com/zetkey/waka3x/migrations/20260111_sqlite_real_valued_time_column_heartbeats.go:89.139,91.6 1 0
github.com/zetkey/waka3x/migrations/20260111_sqlite_real_valued_time_column_heartbeats.go:94.5,94.66 1 0
github.com/zetkey/waka3x/migrations/20260111_sqlite_real_valued_time_column_heartbeats.go:94.66,96.6 1 0
github.com/zetkey/waka3x/migrations/20260111_sqlite_real_valued_time_column_heartbeats.go:97.5,97.92 1 0
github.com/zetkey/waka3x/migrations/20260111_sqlite_real_valued_time_column_heartbeats.go:97.92,99.6 1 0
github.com/zetkey/waka3x/migrations/20260111_sqlite_real_valued_time_column_heartbeats.go:102.5,108.20 2 0
github.com/zetkey/waka3x/migrations/20260111_sqlite_real_valued_time_column_heartbeats.go:108.20,110.6 1 0
github.com/zetkey/waka3x/migrations/20260111_sqlite_real_valued_time_column_heartbeats.go:113.5,113.96 1 0
github.com/zetkey/waka3x/migrations/20260111_sqlite_real_valued_time_column_heartbeats.go:113.96,115.6 1 0
github.com/zetkey/waka3x/migrations/20260111_sqlite_real_valued_time_column_heartbeats.go:116.5,116.110 1 0
github.com/zetkey/waka3x/migrations/20260111_sqlite_real_valued_time_column_heartbeats.go:116.110,118.6 1 0
github.com/zetkey/waka3x/migrations/20260111_sqlite_real_valued_time_column_heartbeats.go:120.5,120.15 1 0
github.com/zetkey/waka3x/migrations/20260111_sqlite_real_valued_time_column_heartbeats.go:121.19,123.5 1 0
github.com/zetkey/waka3x/migrations/20260111_sqlite_real_valued_time_column_heartbeats.go:125.4,126.14 2 0
github.com/zetkey/waka3x/migrations/20260111_sqlite_real_valued_time_column_heartbeats.go:130.2,130.26 1 0
github.com/zetkey/waka3x/migrations/20260116_sqlite_fix_heartbeats_view_concat.go:8.13,14.50 2 0
github.com/zetkey/waka3x/migrations/20260116_sqlite_fix_heartbeats_view_concat.go:14.50,15.24 1 0
github.com/zetkey/waka3x/migrations/20260116_sqlite_fix_heartbeats_view_concat.go:15.24,17.5 1 0
github.com/zetkey/waka3x/migrations/20260116_sqlite_fix_heartbeats_view_concat.go:19.4,19.26 1 0
github.com/zetkey/waka3x/migrations/20260116_sqlite_fix_heartbeats_view_concat.go:19.26,21.5 1 0
github.com/zetkey/waka3x/migrations/20260116_sqlite_fix_heartbeats_view_concat.go:23.4,23.53 1 0
github.com/zetkey/waka3x/migrations/20260116_sqlite_fix_heartbeats_view_concat.go:23.53,25.152 2 0
github.com/zetkey/waka3x/migrations/20260116_sqlite_fix_heartbeats_view_concat.go:25.152,27.6 1 0
github.com/zetkey/waka3x/migrations/20260116_sqlite_fix_heartbeats_view_concat.go:29.5,29.24 1 0
github.com/zetkey/waka3x/migrations/20260116_sqlite_fix_heartbeats_view_concat.go:29.24,30.76 1 0
github.com/zetkey/waka3x/migrations/20260116_sqlite_fix_heartbeats_view_concat.go:30.76,32.7 1 0
github.com/zetkey/waka3x/migrations/20260116_sqlite_fix_heartbeats_view_concat.go:35.5,42.20 2 0
github.com/zetkey/waka3x/migrations/20260116_sqlite_fix_heartbeats_view_concat.go:42.20,44.6 1 0
github.com/zetkey/waka3x/migrations/20260116_sqlite_fix_heartbeats_view_concat.go:46.5,46.15 1 0
github.com/zetkey/waka3x/migrations/20260116_sqlite_fix_heartbeats_view_concat.go:47.19,49.5 1 0
github.com/zetkey/waka3x/migrations/20260116_sqlite_fix_heartbeats_view_concat.go:51.4,52.14 2 0
github.com/zetkey/waka3x/migrations/20260116_sqlite_fix_heartbeats_view_concat.go:56.2,56.26 1 0
github.com/zetkey/waka3x/migrations/20260214_nullify_empty_email.go:11.13,15.50 2 0
github.com/zetkey/waka3x/migrations/20260214_nullify_empty_email.go:15.50,16.24 1 0
github.com/zetkey/waka3x/migrations/20260214_nullify_empty_email.go:16.24,18.5 1 0
github.com/zetkey/waka3x/migrations/20260214_nullify_empty_email.go:20.4,20.47 1 0
github.com/zetkey/waka3x/migrations/20260214_nullify_empty_email.go:20.47,23.5 2 0
github.com/zetkey/waka3x/migrations/20260214_nullify_empty_email.go:25.4,25.57 1 0
github.com/zetkey/waka3x/migrations/20260214_nullify_empty_email.go:25.57,28.5 2 0
github.com/zetkey/waka3x/migrations/20260214_nullify_empty_email.go:30.4,32.101 2 0
github.com/zetkey/waka3x/migrations/20260214_nullify_empty_email.go:32.101,35.5 2 0
github.com/zetkey/waka3x/migrations/20260214_nullify_empty_email.go:38.4,38.64 1 0
github.com/zetkey/waka3x/migrations/20260214_nullify_empty_email.go:38.64,39.85 1 0
github.com/zetkey/waka3x/migrations/20260214_nullify_empty_email.go:39.85,42.6 2 0
github.com/zetkey/waka3x/migrations/20260214_nullify_empty_email.go:45.4,46.14 2 0
github.com/zetkey/waka3x/migrations/20260214_nullify_empty_email.go:50.2,50.25 1 0
github.com/zetkey/waka3x/migrations/20260214_nullify_empty_sub.go:11.13,15.50 2 0
github.com/zetkey/waka3x/migrations/20260214_nullify_empty_sub.go:15.50,16.24 1 0
github.com/zetkey/waka3x/migrations/20260214_nullify_empty_sub.go:16.24,18.5 1 0
github.com/zetkey/waka3x/migrations/20260214_nullify_empty_sub.go:20.4,20.47 1 0
github.com/zetkey/waka3x/migrations/20260214_nullify_empty_sub.go:20.47,23.5 2 0
github.com/zetkey/waka3x/migrations/20260214_nullify_empty_sub.go:24.4,24.55 1 0
github.com/zetkey/waka3x/migrations/20260214_nullify_empty_sub.go:24.55,27.5 2 0
github.com/zetkey/waka3x/migrations/20260214_nullify_empty_sub.go:29.4,31.97 2 0
github.com/zetkey/waka3x/migrations/20260214_nullify_empty_sub.go:31.97,34.5 2 0
github.com/zetkey/waka3x/migrations/20260214_nullify_empty_sub.go:36.4,37.14 2 0
github.com/zetkey/waka3x/migrations/20260214_nullify_empty_sub.go:41.2,41.25 1 0
github.com/zetkey/waka3x/migrations/20260214_sqlite_recreate_views.go:8.13,20.50 3 0
github.com/zetkey/waka3x/migrations/20260214_sqlite_recreate_views.go:20.50,21.26 1 0
github.com/zetkey/waka3x/migrations/20260214_sqlite_recreate_views.go:21.26,23.5 1 0
github.com/zetkey/waka3x/migrations/20260214_sqlite_recreate_views.go:24.4,24.25 1 0
github.com/zetkey/waka3x/migrations/20260214_sqlite_recreate_views.go:28.2,31.50 1 0
github.com/zetkey/waka3x/migrations/20260214_sqlite_recreate_views.go:31.50,32.26 1 0
github.com/zetkey/waka3x/migrations/20260214_sqlite_recreate_views.go:32.26,34.5 1 0
github.com/zetkey/waka3x/migrations/20260214_sqlite_recreate_views.go:35.4,35.26 1 0
github.com/zetkey/waka3x/migrations/migrations.go:30.61,31.24 1 0
github.com/zetkey/waka3x/migrations/migrations.go:32.10,33.34 1 0
github.com/zetkey/waka3x/migrations/migrations.go:33.34,34.92 1 0
github.com/zetkey/waka3x/migrations/migrations.go:34.92,36.5 1 0
github.com/zetkey/waka3x/migrations/migrations.go:37.4,37.106 1 0
github.com/zetkey/waka3x/migrations/migrations.go:37.106,39.5 1 0
github.com/zetkey/waka3x/migrations/migrations.go:40.4,40.102 1 0
github.com/zetkey/waka3x/migrations/migrations.go:40.102,42.5 1 0
github.com/zetkey/waka3x/migrations/migrations.go:43.4,43.93 1 0
github.com/zetkey/waka3x/migrations/migrations.go:43.93,45.5 1 0
github.com/zetkey/waka3x/migrations/migrations.go:46.4,46.97 1 0
github.com/zetkey/waka3x/migrations/migrations.go:46.97,48.5 1 0
github.com/zetkey/waka3x/migrations/migrations.go:49.4,49.95 1 0
github.com/zetkey/waka3x/migrations/migrations.go:49.95,51.5 1 0
github.com/zetkey/waka3x/migrations/migrations.go:52.4,52.99 1 0
github.com/zetkey/waka3x/migrations/migrations.go:52.99,54.5 1 0
github.com/zetkey/waka3x/migrations/migrations.go:55.4,55.103 1 0
github.com/zetkey/waka3x/migrations/migrations.go:55.103,57.5 1 0
github.com/zetkey/waka3x/migrations/migrations.go:58.4,58.100 1 0
github.com/zetkey/waka3x/migrations/migrations.go:58.100,60.5 1 0
github.com/zetkey/waka3x/migrations/migrations.go:61.4,61.99 1 0
github.com/zetkey/waka3x/migrations/migrations.go:61.99,63.5 1 0
github.com/zetkey/waka3x/migrations/migrations.go:64.4,64.103 1 0
github.com/zetkey/waka3x/migrations/migrations.go:64.103,66.5 1 0
github.com/zetkey/waka3x/migrations/migrations.go:67.4,67.96 1 0
github.com/zetkey/waka3x/migrations/migrations.go:67.96,69.5 1 0
github.com/zetkey/waka3x/migrations/migrations.go:70.4,70.94 1 0
github.com/zetkey/waka3x/migrations/migrations.go:70.94,72.5 1 0
github.com/zetkey/waka3x/migrations/migrations.go:73.4,73.14 1 0
github.com/zetkey/waka3x/migrations/migrations.go:78.44,80.2 1 0
github.com/zetkey/waka3x/migrations/migrations.go:82.45,84.2 1 0
github.com/zetkey/waka3x/migrations/migrations.go:86.43,90.2 3 0
github.com/zetkey/waka3x/migrations/migrations.go:92.59,94.50 2 0
github.com/zetkey/waka3x/migrations/migrations.go:94.50,96.3 1 0
github.com/zetkey/waka3x/migrations/migrations.go:99.56,102.34 2 0
github.com/zetkey/waka3x/migrations/migrations.go:102.34,104.38 2 0
github.com/zetkey/waka3x/migrations/migrations.go:104.38,106.4 1 0
github.com/zetkey/waka3x/migrations/migrations.go:110.57,113.35 2 0
github.com/zetkey/waka3x/migrations/migrations.go:113.35,116.32 2 0
github.com/zetkey/waka3x/migrations/migrations.go:116.32,117.39 1 0
github.com/zetkey/waka3x/migrations/migrations.go:117.39,119.5 1 0
github.com/zetkey/waka3x/migrations/migrations.go:122.3,122.19 1 0
github.com/zetkey/waka3x/migrations/migrations.go:122.19,124.4 1 0
github.com/zetkey/waka3x/migrations/migrations.go:124.9,126.4 1 0
github.com/zetkey/waka3x/migrations/migrations.go:130.35,132.2 1 0
github.com/zetkey/waka3x/migrations/migrations.go:134.45,136.2 1 0
github.com/zetkey/waka3x/migrations/migrations.go:138.40,140.2 1 0
github.com/zetkey/waka3x/migrations/shared.go:13.44,17.64 3 0
github.com/zetkey/waka3x/migrations/shared.go:17.64,20.3 2 0
github.com/zetkey/waka3x/migrations/shared.go:21.2,21.14 1 0
github.com/zetkey/waka3x/migrations/shared.go:24.42,28.23 1 0
github.com/zetkey/waka3x/migrations/shared.go:28.23,30.3 1 0
github.com/zetkey/waka3x/migrations/shared.go:34.36,35.37 1 0
github.com/zetkey/waka3x/migrations/shared.go:35.37,37.3 1 0
github.com/zetkey/waka3x/migrations/shared.go:39.2,39.126 1 0
github.com/zetkey/waka3x/migrations/shared.go:39.126,41.3 1 0
github.com/zetkey/waka3x/migrations/shared.go:43.2,43.175 1 0
github.com/zetkey/waka3x/migrations/shared.go:43.175,45.3 1 0
github.com/zetkey/waka3x/migrations/shared.go:47.2,48.16 2 0
github.com/zetkey/waka3x/migrations/shared.go:48.16,50.3 1 0
github.com/zetkey/waka3x/migrations/shared.go:51.2,54.18 3 0
github.com/zetkey/waka3x/migrations/shared.go:54.18,56.42 2 0
github.com/zetkey/waka3x/migrations/shared.go:56.42,58.4 1 0
github.com/zetkey/waka3x/migrations/shared.go:59.3,59.42 1 0
github.com/zetkey/waka3x/migrations/shared.go:61.2,63.35 2 0
github.com/zetkey/waka3x/migrations/shared.go:63.35,65.54 2 0
github.com/zetkey/waka3x/migrations/shared.go:65.54,68.4 2 0
github.com/zetkey/waka3x/migrations/shared.go:71.2,71.12 1 0
github.com/zetkey/waka3x/migrations/shared.go:75.37,76.37 1 0
github.com/zetkey/waka3x/migrations/shared.go:76.37,78.3 1 0
github.com/zetkey/waka3x/migrations/shared.go:80.2,80.46 1 0
github.com/zetkey/waka3x/migrations/shared.go:80.46,82.3 1 0
github.com/zetkey/waka3x/migrations/shared.go:84.2,85.16 2 0
github.com/zetkey/waka3x/migrations/shared.go:85.16,87.3 1 0
github.com/zetkey/waka3x/migrations/shared.go:88.2,96.18 4 0
github.com/zetkey/waka3x/migrations/shared.go:96.18,98.52 2 0
github.com/zetkey/waka3x/migrations/shared.go:98.52,100.4 1 0
github.com/zetkey/waka3x/migrations/shared.go:101.3,101.31 1 0
github.com/zetkey/waka3x/migrations/shared.go:103.2,105.28 2 0
github.com/zetkey/waka3x/migrations/shared.go:105.28,107.130 2 0
github.com/zetkey/waka3x/migrations/shared.go:107.130,109.4 1 0
github.com/zetkey/waka3x/migrations/shared.go:111.3,111.16 1 0
github.com/zetkey/waka3x/migrations/shared.go:111.16,113.12 2 0
github.com/zetkey/waka3x/migrations/shared.go:116.3,117.46 2 0
github.com/zetkey/waka3x/migrations/shared.go:117.46,120.4 2 0
github.com/zetkey/waka3x/migrations/shared.go:123.2,123.71 1 0
github.com/zetkey/waka3x/migrations/shared.go:123.71,126.3 2 0
github.com/zetkey/waka3x/migrations/shared.go:128.2,128.12 1 0
github.com/zetkey/waka3x/migrations/shared.go:132.58,133.37 1 0
github.com/zetkey/waka3x/migrations/shared.go:133.37,135.3 1 0
github.com/zetkey/waka3x/migrations/shared.go:136.2,136.78 1 0
github.com/zetkey/waka3x/static/docs/docs.go:2011.13,2013.2 1 0
